[debug] [2021-10-26T16:56:40.716Z] ----------------------------------------------------------------------
[debug] [2021-10-26T16:56:40.718Z] Command:       S:\PROGRAMS\node.exe C:\Users\abdulah\AppData\Roaming\npm\node_modules\firebase-tools\lib\bin\firebase.js emulators:start
[debug] [2021-10-26T16:56:40.718Z] CLI Version:   9.21.0
[debug] [2021-10-26T16:56:40.718Z] Platform:      win32
[debug] [2021-10-26T16:56:40.718Z] Node Version:  v14.16.0
[debug] [2021-10-26T16:56:40.719Z] Time:          Tue Oct 26 2021 22:26:40 GMT+0530 (India Standard Time)
[debug] [2021-10-26T16:56:40.719Z] ----------------------------------------------------------------------
[debug] 
[debug] [2021-10-26T16:56:40.767Z] > command requires scopes: ["email","openid","https://www.googleapis.com/auth/cloudplatformprojects.readonly","https://www.googleapis.com/auth/firebase","https://www.googleapis.com/auth/cloud-platform"]
[debug] [2021-10-26T16:56:40.767Z] > authorizing via signed-in user (shafaqshaikh10@gmail.com)
[info] i  emulators: Starting emulators: functions {"metadata":{"emulator":{"name":"hub"},"message":"Starting emulators: functions"}}
[debug] [2021-10-26T16:56:40.788Z] [hub] writing locator at C:\Users\abdulah\AppData\Local\Temp\hub-testandtrip.json
[warn] !  functions: The following emulators are not running, calls to these services from the Functions emulator will affect production: auth, firestore, database, hosting, pubsub, storage {"metadata":{"emulator":{"name":"functions"},"message":"The following emulators are not running, calls to these services from the Functions emulator will affect production: \u001b[1mauth, firestore, database, hosting, pubsub, storage\u001b[22m"}}
[warn] !  Your requested "node" version "8" doesn't match your global version "14" {"metadata":{"emulator":{"name":"functions"},"message":"Your requested \"node\" version \"8\" doesn't match your global version \"14\""}}
[debug] [2021-10-26T16:56:40.816Z] defaultcredentials: writing to file C:\Users\abdulah\AppData\Roaming\firebase\shafaqshaikh10_gmail_com_application_default_credentials.json
[debug] [2021-10-26T16:56:40.819Z] Setting GAC to C:\Users\abdulah\AppData\Roaming\firebase\shafaqshaikh10_gmail_com_application_default_credentials.json {"metadata":{"emulator":{"name":"functions"},"message":"Setting GAC to C:\\Users\\abdulah\\AppData\\Roaming\\firebase\\shafaqshaikh10_gmail_com_application_default_credentials.json"}}
[debug] [2021-10-26T16:56:40.820Z] > refreshing access token with scopes: []
[debug] [2021-10-26T16:56:40.820Z] >>> HTTP REQUEST POST https://www.googleapis.com/oauth2/v3/token  
 <request body omitted>
[debug] [2021-10-26T16:56:40.984Z] <<< HTTP RESPONSE 200 {"date":"Tue, 26 Oct 2021 16:56:41 GMT","cache-control":"no-cache, no-store, max-age=0, must-revalidate","expires":"Mon, 01 Jan 1990 00:00:00 GMT","pragma":"no-cache","content-type":"application/json; charset=utf-8","vary":"X-Origin, Referer, Origin,Accept-Encoding","server":"scaffolding on HTTPServer2","x-xss-protection":"0","x-frame-options":"SAMEORIGIN","x-content-type-options":"nosniff","alt-svc":"h3=\":443\"; ma=2592000,h3-29=\":443\"; ma=2592000,h3-Q050=\":443\"; ma=2592000,h3-Q046=\":443\"; ma=2592000,h3-Q043=\":443\"; ma=2592000","accept-ranges":"none","transfer-encoding":"chunked"}
[debug] [2021-10-26T16:56:41.000Z] >>> [apiv2][query] GET https://firebase.googleapis.com/v1beta1/projects/testandtrip/adminSdkConfig [none]
[debug] [2021-10-26T16:56:41.396Z] <<< [apiv2][status] GET https://firebase.googleapis.com/v1beta1/projects/testandtrip/adminSdkConfig 200
[debug] [2021-10-26T16:56:41.396Z] <<< [apiv2][body] GET https://firebase.googleapis.com/v1beta1/projects/testandtrip/adminSdkConfig {"projectId":"testandtrip","storageBucket":"testandtrip.appspot.com","locationId":"europe-west"}
[debug] [2021-10-26T16:56:41.409Z] Ignoring unsupported arg: auto_download {"metadata":{"emulator":{"name":"ui"},"message":"Ignoring unsupported arg: auto_download"}}
[debug] [2021-10-26T16:56:41.409Z] Ignoring unsupported arg: port {"metadata":{"emulator":{"name":"ui"},"message":"Ignoring unsupported arg: port"}}
[debug] [2021-10-26T16:56:41.409Z] Starting Emulator UI with command {"binary":"node","args":["C:\\Users\\abdulah\\.cache\\firebase\\emulators\\ui-v1.6.4\\server.bundle.js"],"optionalArgs":[],"joinArgs":false} {"metadata":{"emulator":{"name":"ui"},"message":"Starting Emulator UI with command {\"binary\":\"node\",\"args\":[\"C:\\\\Users\\\\abdulah\\\\.cache\\\\firebase\\\\emulators\\\\ui-v1.6.4\\\\server.bundle.js\"],\"optionalArgs\":[],\"joinArgs\":false}"}}
[info] i  ui: Emulator UI logging to ui-debug.log {"metadata":{"emulator":{"name":"ui"},"message":"Emulator UI logging to \u001b[1mui-debug.log\u001b[22m"}}
[debug] [2021-10-26T16:56:41.512Z] Web / API server started at localhost:4000
 {"metadata":{"emulator":{"name":"ui"},"message":"Web / API server started at localhost:4000\n"}}
[info] i  functions: Watching "P:\MYFLY\myflytest.com\chisfis\functions" for Cloud Functions... {"metadata":{"emulator":{"name":"functions"},"message":"Watching \"P:\\MYFLY\\myflytest.com\\chisfis\\functions\" for Cloud Functions..."}}
[debug] [2021-10-26T16:56:41.695Z] [worker-pool] addWorker(~diagnostic~) {"metadata":{"emulator":{"name":"functions"},"message":"[worker-pool] addWorker(~diagnostic~)"}}
[debug] [2021-10-26T16:56:41.695Z] [worker-pool] Adding worker with key ~diagnostic~, total=1 {"metadata":{"emulator":{"name":"functions"},"message":"[worker-pool] Adding worker with key ~diagnostic~, total=1"}}
[debug] [2021-10-26T16:56:41.695Z] [worker-pool] submitWork(triggerId=) {"metadata":{"emulator":{"name":"functions"},"message":"[worker-pool] submitWork(triggerId=)"}}
[debug] [2021-10-26T16:56:41.696Z] [worker-~diagnostic~-93042616-e22a-49d0-b977-17748cf9e700]: Assigning socketPath: \\?\pipe\P:\MYFLY\myflytest.com\chisfis\functions\13936 {"metadata":{"emulator":{"name":"functions"},"message":"[worker-~diagnostic~-93042616-e22a-49d0-b977-17748cf9e700]: Assigning socketPath: \\\\?\\pipe\\P:\\MYFLY\\myflytest.com\\chisfis\\functions\\13936"}}
[debug] [2021-10-26T16:56:41.696Z] [worker-~diagnostic~-93042616-e22a-49d0-b977-17748cf9e700]: BUSY {"metadata":{"emulator":{"name":"functions"},"message":"[worker-~diagnostic~-93042616-e22a-49d0-b977-17748cf9e700]: BUSY"}}
[debug] [2021-10-26T16:56:41.872Z] [runtime-status] [13936] Functions runtime initialized. {"cwd":"P:\\MYFLY\\myflytest.com\\chisfis\\functions","node_version":"14.16.0"} {"metadata":{"emulator":{"name":"functions"},"message":"[runtime-status] [13936] Functions runtime initialized. {\"cwd\":\"P:\\\\MYFLY\\\\myflytest.com\\\\chisfis\\\\functions\",\"node_version\":\"14.16.0\"}"}}
[debug] [2021-10-26T16:56:41.873Z] [runtime-status] [13936] Disabled runtime features: undefined {"metadata":{"emulator":{"name":"functions"},"message":"[runtime-status] [13936] Disabled runtime features: undefined"}}
[debug] [2021-10-26T16:56:41.875Z] [runtime-status] [13936] Resolved module firebase-admin {"declared":true,"installed":true,"version":"8.13.0","resolution":"P:\\MYFLY\\myflytest.com\\chisfis\\functions\\node_modules\\firebase-admin\\lib\\index.js"} {"metadata":{"emulator":{"name":"functions"},"message":"[runtime-status] [13936] Resolved module firebase-admin {\"declared\":true,\"installed\":true,\"version\":\"8.13.0\",\"resolution\":\"P:\\\\MYFLY\\\\myflytest.com\\\\chisfis\\\\functions\\\\node_modules\\\\firebase-admin\\\\lib\\\\index.js\"}"}}
[debug] [2021-10-26T16:56:41.878Z] [runtime-status] [13936] Resolved module firebase-functions {"declared":true,"installed":true,"version":"3.15.7","resolution":"P:\\MYFLY\\myflytest.com\\chisfis\\functions\\node_modules\\firebase-functions\\lib\\index.js"} {"metadata":{"emulator":{"name":"functions"},"message":"[runtime-status] [13936] Resolved module firebase-functions {\"declared\":true,\"installed\":true,\"version\":\"3.15.7\",\"resolution\":\"P:\\\\MYFLY\\\\myflytest.com\\\\chisfis\\\\functions\\\\node_modules\\\\firebase-functions\\\\lib\\\\index.js\"}"}}
[debug] [2021-10-26T16:56:41.879Z] [runtime-status] [13936] Outgoing network have been stubbed. [{"name":"http","status":"mocked"},{"name":"http","status":"mocked"},{"name":"https","status":"mocked"},{"name":"https","status":"mocked"},{"name":"net","status":"mocked"}] {"metadata":{"emulator":{"name":"functions"},"message":"[runtime-status] [13936] Outgoing network have been stubbed. [{\"name\":\"http\",\"status\":\"mocked\"},{\"name\":\"http\",\"status\":\"mocked\"},{\"name\":\"https\",\"status\":\"mocked\"},{\"name\":\"https\",\"status\":\"mocked\"},{\"name\":\"net\",\"status\":\"mocked\"}]"}}
[debug] [2021-10-26T16:56:41.880Z] [runtime-status] [13936] Resolved module firebase-functions {"declared":true,"installed":true,"version":"3.15.7","resolution":"P:\\MYFLY\\myflytest.com\\chisfis\\functions\\node_modules\\firebase-functions\\lib\\index.js"} {"metadata":{"emulator":{"name":"functions"},"message":"[runtime-status] [13936] Resolved module firebase-functions {\"declared\":true,\"installed\":true,\"version\":\"3.15.7\",\"resolution\":\"P:\\\\MYFLY\\\\myflytest.com\\\\chisfis\\\\functions\\\\node_modules\\\\firebase-functions\\\\lib\\\\index.js\"}"}}
[debug] [2021-10-26T16:56:41.924Z] [runtime-status] [13936] Checked functions.config() {"config":{}} {"metadata":{"emulator":{"name":"functions"},"message":"[runtime-status] [13936] Checked functions.config() {\"config\":{}}"}}
[debug] [2021-10-26T16:56:41.925Z] [runtime-status] [13936] firebase-functions has been stubbed. {"functionsResolution":{"declared":true,"installed":true,"version":"3.15.7","resolution":"P:\\MYFLY\\myflytest.com\\chisfis\\functions\\node_modules\\firebase-functions\\lib\\index.js"}} {"metadata":{"emulator":{"name":"functions"},"message":"[runtime-status] [13936] firebase-functions has been stubbed. {\"functionsResolution\":{\"declared\":true,\"installed\":true,\"version\":\"3.15.7\",\"resolution\":\"P:\\\\MYFLY\\\\myflytest.com\\\\chisfis\\\\functions\\\\node_modules\\\\firebase-functions\\\\lib\\\\index.js\"}}"}}
[debug] [2021-10-26T16:56:41.925Z] [runtime-status] [13936] Resolved module firebase-functions {"declared":true,"installed":true,"version":"3.15.7","resolution":"P:\\MYFLY\\myflytest.com\\chisfis\\functions\\node_modules\\firebase-functions\\lib\\index.js"} {"metadata":{"emulator":{"name":"functions"},"message":"[runtime-status] [13936] Resolved module firebase-functions {\"declared\":true,\"installed\":true,\"version\":\"3.15.7\",\"resolution\":\"P:\\\\MYFLY\\\\myflytest.com\\\\chisfis\\\\functions\\\\node_modules\\\\firebase-functions\\\\lib\\\\index.js\"}"}}
[debug] [2021-10-26T16:56:41.926Z] [runtime-status] [13936] Resolved module firebase-admin {"declared":true,"installed":true,"version":"8.13.0","resolution":"P:\\MYFLY\\myflytest.com\\chisfis\\functions\\node_modules\\firebase-admin\\lib\\index.js"} {"metadata":{"emulator":{"name":"functions"},"message":"[runtime-status] [13936] Resolved module firebase-admin {\"declared\":true,\"installed\":true,\"version\":\"8.13.0\",\"resolution\":\"P:\\\\MYFLY\\\\myflytest.com\\\\chisfis\\\\functions\\\\node_modules\\\\firebase-admin\\\\lib\\\\index.js\"}"}}
[debug] [2021-10-26T16:56:41.927Z] [runtime-status] [13936] Resolved module firebase-functions {"declared":true,"installed":true,"version":"3.15.7","resolution":"P:\\MYFLY\\myflytest.com\\chisfis\\functions\\node_modules\\firebase-functions\\lib\\index.js"} {"metadata":{"emulator":{"name":"functions"},"message":"[runtime-status] [13936] Resolved module firebase-functions {\"declared\":true,\"installed\":true,\"version\":\"3.15.7\",\"resolution\":\"P:\\\\MYFLY\\\\myflytest.com\\\\chisfis\\\\functions\\\\node_modules\\\\firebase-functions\\\\lib\\\\index.js\"}"}}
[debug] [2021-10-26T16:56:41.927Z] [runtime-status] [13936] firebase-admin has been stubbed. {"adminResolution":{"declared":true,"installed":true,"version":"8.13.0","resolution":"P:\\MYFLY\\myflytest.com\\chisfis\\functions\\node_modules\\firebase-admin\\lib\\index.js"}} {"metadata":{"emulator":{"name":"functions"},"message":"[runtime-status] [13936] firebase-admin has been stubbed. {\"adminResolution\":{\"declared\":true,\"installed\":true,\"version\":\"8.13.0\",\"resolution\":\"P:\\\\MYFLY\\\\myflytest.com\\\\chisfis\\\\functions\\\\node_modules\\\\firebase-admin\\\\lib\\\\index.js\"}}"}}
[info] +  functions[us-central1-api]: http function initialized (http://localhost:5001/testandtrip/us-central1/api). {"metadata":{"emulator":{"name":"functions"},"message":"\u001b[1mhttp\u001b[22m function initialized (http://localhost:5001/testandtrip/us-central1/api)."}}
[info] 
┌─────────────────────────────────────────────────────────────┐
│ ✔  All emulators ready! It is now safe to connect your app. │
│ i  View Emulator UI at http://localhost:4000                │
└─────────────────────────────────────────────────────────────┘

┌───────────┬────────────────┬─────────────────────────────────┐
│ Emulator  │ Host:Port      │ View in Emulator UI             │
├───────────┼────────────────┼─────────────────────────────────┤
│ Functions │ localhost:5001 │ http://localhost:4000/functions │
└───────────┴────────────────┴─────────────────────────────────┘
  Emulator Hub running at localhost:4400
  Other reserved ports: 4500

Issues? Report them at https://github.com/firebase/firebase-tools/issues and attach the *-debug.log files.
 
[debug] [2021-10-26T16:56:42.075Z] [worker-~diagnostic~-93042616-e22a-49d0-b977-17748cf9e700]: IDLE {"metadata":{"emulator":{"name":"functions"},"message":"[worker-~diagnostic~-93042616-e22a-49d0-b977-17748cf9e700]: IDLE"}}
[debug] [2021-10-26T16:56:53.588Z] [work-queue] {"queueLength":1,"workRunningCount":0}
[debug] [2021-10-26T16:56:53.588Z] [work-queue] {"queueLength":0,"workRunningCount":1}
[debug] [2021-10-26T16:56:53.589Z] Accepted request POST /testandtrip/us-central1/api/payments/create?total=10000 --> us-central1-api
[debug] [2021-10-26T16:56:53.595Z] [worker-pool] addWorker(us-central1-api) {"metadata":{"emulator":{"name":"functions"},"message":"[worker-pool] addWorker(us-central1-api)"}}
[debug] [2021-10-26T16:56:53.595Z] [worker-pool] Adding worker with key us-central1-api, total=1 {"metadata":{"emulator":{"name":"functions"},"message":"[worker-pool] Adding worker with key us-central1-api, total=1"}}
[debug] [2021-10-26T16:56:53.595Z] [worker-pool] submitWork(triggerId=us-central1-api) {"metadata":{"emulator":{"name":"functions"},"message":"[worker-pool] submitWork(triggerId=us-central1-api)"}}
[debug] [2021-10-26T16:56:53.596Z] [worker-us-central1-api-51e9dca0-4ead-471a-a5b8-6c2845ef13c7]: Assigning socketPath: \\?\pipe\P:\MYFLY\myflytest.com\chisfis\functions\3228 {"metadata":{"emulator":{"name":"functions"},"message":"[worker-us-central1-api-51e9dca0-4ead-471a-a5b8-6c2845ef13c7]: Assigning socketPath: \\\\?\\pipe\\P:\\MYFLY\\myflytest.com\\chisfis\\functions\\3228"}}
[debug] [2021-10-26T16:56:53.596Z] [worker-us-central1-api-51e9dca0-4ead-471a-a5b8-6c2845ef13c7]: BUSY {"metadata":{"emulator":{"name":"functions"},"message":"[worker-us-central1-api-51e9dca0-4ead-471a-a5b8-6c2845ef13c7]: BUSY"}}
[debug] [2021-10-26T16:56:53.794Z] [runtime-status] [3228] Functions runtime initialized. {"cwd":"P:\\MYFLY\\myflytest.com\\chisfis\\functions","node_version":"14.16.0"} {"metadata":{"emulator":{"name":"functions"},"function":{"name":"us-central1-api"},"message":"[runtime-status] [3228] Functions runtime initialized. {\"cwd\":\"P:\\\\MYFLY\\\\myflytest.com\\\\chisfis\\\\functions\",\"node_version\":\"14.16.0\"}"}}
[debug] [2021-10-26T16:56:53.796Z] [runtime-status] [3228] Disabled runtime features: undefined {"metadata":{"emulator":{"name":"functions"},"function":{"name":"us-central1-api"},"message":"[runtime-status] [3228] Disabled runtime features: undefined"}}
[debug] [2021-10-26T16:56:53.799Z] [runtime-status] [3228] Resolved module firebase-admin {"declared":true,"installed":true,"version":"8.13.0","resolution":"P:\\MYFLY\\myflytest.com\\chisfis\\functions\\node_modules\\firebase-admin\\lib\\index.js"} {"metadata":{"emulator":{"name":"functions"},"function":{"name":"us-central1-api"},"message":"[runtime-status] [3228] Resolved module firebase-admin {\"declared\":true,\"installed\":true,\"version\":\"8.13.0\",\"resolution\":\"P:\\\\MYFLY\\\\myflytest.com\\\\chisfis\\\\functions\\\\node_modules\\\\firebase-admin\\\\lib\\\\index.js\"}"}}
[debug] [2021-10-26T16:56:53.802Z] [runtime-status] [3228] Resolved module firebase-functions {"declared":true,"installed":true,"version":"3.15.7","resolution":"P:\\MYFLY\\myflytest.com\\chisfis\\functions\\node_modules\\firebase-functions\\lib\\index.js"} {"metadata":{"emulator":{"name":"functions"},"function":{"name":"us-central1-api"},"message":"[runtime-status] [3228] Resolved module firebase-functions {\"declared\":true,\"installed\":true,\"version\":\"3.15.7\",\"resolution\":\"P:\\\\MYFLY\\\\myflytest.com\\\\chisfis\\\\functions\\\\node_modules\\\\firebase-functions\\\\lib\\\\index.js\"}"}}
[debug] [2021-10-26T16:56:53.803Z] [runtime-status] [3228] Outgoing network have been stubbed. [{"name":"http","status":"mocked"},{"name":"http","status":"mocked"},{"name":"https","status":"mocked"},{"name":"https","status":"mocked"},{"name":"net","status":"mocked"}] {"metadata":{"emulator":{"name":"functions"},"function":{"name":"us-central1-api"},"message":"[runtime-status] [3228] Outgoing network have been stubbed. [{\"name\":\"http\",\"status\":\"mocked\"},{\"name\":\"http\",\"status\":\"mocked\"},{\"name\":\"https\",\"status\":\"mocked\"},{\"name\":\"https\",\"status\":\"mocked\"},{\"name\":\"net\",\"status\":\"mocked\"}]"}}
[debug] [2021-10-26T16:56:53.804Z] [runtime-status] [3228] Resolved module firebase-functions {"declared":true,"installed":true,"version":"3.15.7","resolution":"P:\\MYFLY\\myflytest.com\\chisfis\\functions\\node_modules\\firebase-functions\\lib\\index.js"} {"metadata":{"emulator":{"name":"functions"},"function":{"name":"us-central1-api"},"message":"[runtime-status] [3228] Resolved module firebase-functions {\"declared\":true,\"installed\":true,\"version\":\"3.15.7\",\"resolution\":\"P:\\\\MYFLY\\\\myflytest.com\\\\chisfis\\\\functions\\\\node_modules\\\\firebase-functions\\\\lib\\\\index.js\"}"}}
[debug] [2021-10-26T16:56:53.853Z] [runtime-status] [3228] Checked functions.config() {"config":{}} {"metadata":{"emulator":{"name":"functions"},"function":{"name":"us-central1-api"},"message":"[runtime-status] [3228] Checked functions.config() {\"config\":{}}"}}
[debug] [2021-10-26T16:56:53.853Z] [runtime-status] [3228] firebase-functions has been stubbed. {"functionsResolution":{"declared":true,"installed":true,"version":"3.15.7","resolution":"P:\\MYFLY\\myflytest.com\\chisfis\\functions\\node_modules\\firebase-functions\\lib\\index.js"}} {"metadata":{"emulator":{"name":"functions"},"function":{"name":"us-central1-api"},"message":"[runtime-status] [3228] firebase-functions has been stubbed. {\"functionsResolution\":{\"declared\":true,\"installed\":true,\"version\":\"3.15.7\",\"resolution\":\"P:\\\\MYFLY\\\\myflytest.com\\\\chisfis\\\\functions\\\\node_modules\\\\firebase-functions\\\\lib\\\\index.js\"}}"}}
[debug] [2021-10-26T16:56:53.854Z] [runtime-status] [3228] Resolved module firebase-functions {"declared":true,"installed":true,"version":"3.15.7","resolution":"P:\\MYFLY\\myflytest.com\\chisfis\\functions\\node_modules\\firebase-functions\\lib\\index.js"} {"metadata":{"emulator":{"name":"functions"},"function":{"name":"us-central1-api"},"message":"[runtime-status] [3228] Resolved module firebase-functions {\"declared\":true,\"installed\":true,\"version\":\"3.15.7\",\"resolution\":\"P:\\\\MYFLY\\\\myflytest.com\\\\chisfis\\\\functions\\\\node_modules\\\\firebase-functions\\\\lib\\\\index.js\"}"}}
[debug] [2021-10-26T16:56:53.855Z] [runtime-status] [3228] Resolved module firebase-admin {"declared":true,"installed":true,"version":"8.13.0","resolution":"P:\\MYFLY\\myflytest.com\\chisfis\\functions\\node_modules\\firebase-admin\\lib\\index.js"} {"metadata":{"emulator":{"name":"functions"},"function":{"name":"us-central1-api"},"message":"[runtime-status] [3228] Resolved module firebase-admin {\"declared\":true,\"installed\":true,\"version\":\"8.13.0\",\"resolution\":\"P:\\\\MYFLY\\\\myflytest.com\\\\chisfis\\\\functions\\\\node_modules\\\\firebase-admin\\\\lib\\\\index.js\"}"}}
[debug] [2021-10-26T16:56:53.855Z] [runtime-status] [3228] Resolved module firebase-functions {"declared":true,"installed":true,"version":"3.15.7","resolution":"P:\\MYFLY\\myflytest.com\\chisfis\\functions\\node_modules\\firebase-functions\\lib\\index.js"} {"metadata":{"emulator":{"name":"functions"},"function":{"name":"us-central1-api"},"message":"[runtime-status] [3228] Resolved module firebase-functions {\"declared\":true,\"installed\":true,\"version\":\"3.15.7\",\"resolution\":\"P:\\\\MYFLY\\\\myflytest.com\\\\chisfis\\\\functions\\\\node_modules\\\\firebase-functions\\\\lib\\\\index.js\"}"}}
[debug] [2021-10-26T16:56:53.855Z] [runtime-status] [3228] firebase-admin has been stubbed. {"adminResolution":{"declared":true,"installed":true,"version":"8.13.0","resolution":"P:\\MYFLY\\myflytest.com\\chisfis\\functions\\node_modules\\firebase-admin\\lib\\index.js"}} {"metadata":{"emulator":{"name":"functions"},"function":{"name":"us-central1-api"},"message":"[runtime-status] [3228] firebase-admin has been stubbed. {\"adminResolution\":{\"declared\":true,\"installed\":true,\"version\":\"8.13.0\",\"resolution\":\"P:\\\\MYFLY\\\\myflytest.com\\\\chisfis\\\\functions\\\\node_modules\\\\firebase-admin\\\\lib\\\\index.js\"}}"}}
[debug] [2021-10-26T16:56:54.000Z] [runtime-status] [3228] Trigger "us-central1-api" has been found, beginning invocation! {"metadata":{"emulator":{"name":"functions"},"function":{"name":"us-central1-api"},"message":"[runtime-status] [3228] Trigger \"us-central1-api\" has been found, beginning invocation!"}}
[info] i  functions: Beginning execution of "us-central1-api" {"metadata":{"emulator":{"name":"functions"},"function":{"name":"us-central1-api"},"message":"Beginning execution of \"us-central1-api\""}}
[debug] [2021-10-26T16:56:54.001Z] [runtime-status] [3228] triggerDefinition {"httpsTrigger":{},"name":"api","entryPoint":"api","regions":["us-central1"],"region":"us-central1","id":"us-central1-api"} {"metadata":{"emulator":{"name":"functions"},"function":{"name":"us-central1-api"},"message":"[runtime-status] [3228] triggerDefinition {\"httpsTrigger\":{},\"name\":\"api\",\"entryPoint\":\"api\",\"regions\":[\"us-central1\"],\"region\":\"us-central1\",\"id\":\"us-central1-api\"}"}}
[debug] [2021-10-26T16:56:54.002Z] [runtime-status] [3228] Running us-central1-api in signature http {"metadata":{"emulator":{"name":"functions"},"function":{"name":"us-central1-api"},"message":"[runtime-status] [3228] Running us-central1-api in signature http"}}
[debug] [2021-10-26T16:56:54.004Z] [runtime-status] [3228] Attempting to listen to socketPath: \\?\pipe\P:\MYFLY\myflytest.com\chisfis\functions\3228 {"metadata":{"emulator":{"name":"functions"},"function":{"name":"us-central1-api"},"message":"[runtime-status] [3228] Attempting to listen to socketPath: \\\\?\\pipe\\P:\\MYFLY\\myflytest.com\\chisfis\\functions\\3228"}}
[debug] [2021-10-26T16:56:54.007Z] [functions] Runtime ready! Sending request! {"metadata":{"emulator":{"name":"functions"},"message":"[functions] Runtime ready! Sending request!"}}
[debug] [2021-10-26T16:56:54.008Z] [functions] Got req.url=/testandtrip/us-central1/api/payments/create?total=10000, mapping to path=/payments/create?total=10000 {"metadata":{"emulator":{"name":"functions"},"message":"[functions] Got req.url=/testandtrip/us-central1/api/payments/create?total=10000, mapping to path=/payments/create?total=10000"}}
[debug] [2021-10-26T16:56:54.016Z] [runtime-status] [3228] Ephemeral server handling POST request {"metadata":{"emulator":{"name":"functions"},"function":{"name":"us-central1-api"},"message":"[runtime-status] [3228] Ephemeral server handling POST request"}}
[info] >  Payment Request recieved {"user":"Payment Request recieved","metadata":{"emulator":{"name":"functions"},"function":{"name":"us-central1-api"},"message":"\u001b[90m> \u001b[39m Payment Request recieved"}}
[debug] [2021-10-26T16:56:54.025Z] [runtime-status] [3228] Ephemeral server survived. {"metadata":{"emulator":{"name":"functions"},"function":{"name":"us-central1-api"},"message":"[runtime-status] [3228] Ephemeral server survived."}}
[info] >  { {"user":"{","metadata":{"emulator":{"name":"functions"},"function":{"name":"us-central1-api"},"message":"\u001b[90m> \u001b[39m {"}}
[info] >    id: 'pi_3JosxGD6QVbbUe2S161ecwUF', {"user":"  id: 'pi_3JosxGD6QVbbUe2S161ecwUF',","metadata":{"emulator":{"name":"functions"},"function":{"name":"us-central1-api"},"message":"\u001b[90m> \u001b[39m   id: 'pi_3JosxGD6QVbbUe2S161ecwUF',"}}
[info] >    object: 'payment_intent', {"user":"  object: 'payment_intent',","metadata":{"emulator":{"name":"functions"},"function":{"name":"us-central1-api"},"message":"\u001b[90m> \u001b[39m   object: 'payment_intent',"}}
[info] >    amount: 10000, {"user":"  amount: 10000,","metadata":{"emulator":{"name":"functions"},"function":{"name":"us-central1-api"},"message":"\u001b[90m> \u001b[39m   amount: 10000,"}}
[info] >    amount_capturable: 0, {"user":"  amount_capturable: 0,","metadata":{"emulator":{"name":"functions"},"function":{"name":"us-central1-api"},"message":"\u001b[90m> \u001b[39m   amount_capturable: 0,"}}
[info] >    amount_received: 0, {"user":"  amount_received: 0,","metadata":{"emulator":{"name":"functions"},"function":{"name":"us-central1-api"},"message":"\u001b[90m> \u001b[39m   amount_received: 0,"}}
[info] >    application: null, {"user":"  application: null,","metadata":{"emulator":{"name":"functions"},"function":{"name":"us-central1-api"},"message":"\u001b[90m> \u001b[39m   application: null,"}}
[info] >    application_fee_amount: null, {"user":"  application_fee_amount: null,","metadata":{"emulator":{"name":"functions"},"function":{"name":"us-central1-api"},"message":"\u001b[90m> \u001b[39m   application_fee_amount: null,"}}
[info] >    canceled_at: null, {"user":"  canceled_at: null,","metadata":{"emulator":{"name":"functions"},"function":{"name":"us-central1-api"},"message":"\u001b[90m> \u001b[39m   canceled_at: null,"}}
[info] >    cancellation_reason: null, {"user":"  cancellation_reason: null,","metadata":{"emulator":{"name":"functions"},"function":{"name":"us-central1-api"},"message":"\u001b[90m> \u001b[39m   cancellation_reason: null,"}}
[info] >    capture_method: 'automatic', {"user":"  capture_method: 'automatic',","metadata":{"emulator":{"name":"functions"},"function":{"name":"us-central1-api"},"message":"\u001b[90m> \u001b[39m   capture_method: 'automatic',"}}
[info] >    charges: { {"user":"  charges: {","metadata":{"emulator":{"name":"functions"},"function":{"name":"us-central1-api"},"message":"\u001b[90m> \u001b[39m   charges: {"}}
[info] >      object: 'list', {"user":"    object: 'list',","metadata":{"emulator":{"name":"functions"},"function":{"name":"us-central1-api"},"message":"\u001b[90m> \u001b[39m     object: 'list',"}}
[info] >      data: [], {"user":"    data: [],","metadata":{"emulator":{"name":"functions"},"function":{"name":"us-central1-api"},"message":"\u001b[90m> \u001b[39m     data: [],"}}
[info] >      has_more: false, {"user":"    has_more: false,","metadata":{"emulator":{"name":"functions"},"function":{"name":"us-central1-api"},"message":"\u001b[90m> \u001b[39m     has_more: false,"}}
[info] >      total_count: 0, {"user":"    total_count: 0,","metadata":{"emulator":{"name":"functions"},"function":{"name":"us-central1-api"},"message":"\u001b[90m> \u001b[39m     total_count: 0,"}}
[info] >      url: '/v1/charges?payment_intent=pi_3JosxGD6QVbbUe2S161ecwUF' {"user":"    url: '/v1/charges?payment_intent=pi_3JosxGD6QVbbUe2S161ecwUF'","metadata":{"emulator":{"name":"functions"},"function":{"name":"us-central1-api"},"message":"\u001b[90m> \u001b[39m     url: '/v1/charges?payment_intent=pi_3JosxGD6QVbbUe2S161ecwUF'"}}
[info] >    }, {"user":"  },","metadata":{"emulator":{"name":"functions"},"function":{"name":"us-central1-api"},"message":"\u001b[90m> \u001b[39m   },"}}
[info] >    client_secret: 'pi_3JosxGD6QVbbUe2S161ecwUF_secret_AWezVta9ocQMXi5yxAoc6NvVM', {"user":"  client_secret: 'pi_3JosxGD6QVbbUe2S161ecwUF_secret_AWezVta9ocQMXi5yxAoc6NvVM',","metadata":{"emulator":{"name":"functions"},"function":{"name":"us-central1-api"},"message":"\u001b[90m> \u001b[39m   client_secret: 'pi_3JosxGD6QVbbUe2S161ecwUF_secret_AWezVta9ocQMXi5yxAoc6NvVM',"}}
[info] >    confirmation_method: 'automatic', {"user":"  confirmation_method: 'automatic',","metadata":{"emulator":{"name":"functions"},"function":{"name":"us-central1-api"},"message":"\u001b[90m> \u001b[39m   confirmation_method: 'automatic',"}}
[info] >    created: 1635267414, {"user":"  created: 1635267414,","metadata":{"emulator":{"name":"functions"},"function":{"name":"us-central1-api"},"message":"\u001b[90m> \u001b[39m   created: 1635267414,"}}
[info] >    currency: 'usd', {"user":"  currency: 'usd',","metadata":{"emulator":{"name":"functions"},"function":{"name":"us-central1-api"},"message":"\u001b[90m> \u001b[39m   currency: 'usd',"}}
[info] >    customer: null, {"user":"  customer: null,","metadata":{"emulator":{"name":"functions"},"function":{"name":"us-central1-api"},"message":"\u001b[90m> \u001b[39m   customer: null,"}}
[info] >    description: null, {"user":"  description: null,","metadata":{"emulator":{"name":"functions"},"function":{"name":"us-central1-api"},"message":"\u001b[90m> \u001b[39m   description: null,"}}
[info] >    invoice: null, {"user":"  invoice: null,","metadata":{"emulator":{"name":"functions"},"function":{"name":"us-central1-api"},"message":"\u001b[90m> \u001b[39m   invoice: null,"}}
[info] >    last_payment_error: null, {"user":"  last_payment_error: null,","metadata":{"emulator":{"name":"functions"},"function":{"name":"us-central1-api"},"message":"\u001b[90m> \u001b[39m   last_payment_error: null,"}}
[info] >    livemode: false, {"user":"  livemode: false,","metadata":{"emulator":{"name":"functions"},"function":{"name":"us-central1-api"},"message":"\u001b[90m> \u001b[39m   livemode: false,"}}
[info] >    metadata: {}, {"user":"  metadata: {},","metadata":{"emulator":{"name":"functions"},"function":{"name":"us-central1-api"},"message":"\u001b[90m> \u001b[39m   metadata: {},"}}
[info] >    next_action: null, {"user":"  next_action: null,","metadata":{"emulator":{"name":"functions"},"function":{"name":"us-central1-api"},"message":"\u001b[90m> \u001b[39m   next_action: null,"}}
[info] >    on_behalf_of: null, {"user":"  on_behalf_of: null,","metadata":{"emulator":{"name":"functions"},"function":{"name":"us-central1-api"},"message":"\u001b[90m> \u001b[39m   on_behalf_of: null,"}}
[info] >    payment_method: null, {"user":"  payment_method: null,","metadata":{"emulator":{"name":"functions"},"function":{"name":"us-central1-api"},"message":"\u001b[90m> \u001b[39m   payment_method: null,"}}
[info] >    payment_method_options: { {"user":"  payment_method_options: {","metadata":{"emulator":{"name":"functions"},"function":{"name":"us-central1-api"},"message":"\u001b[90m> \u001b[39m   payment_method_options: {"}}
[info] >      card: { {"user":"    card: {","metadata":{"emulator":{"name":"functions"},"function":{"name":"us-central1-api"},"message":"\u001b[90m> \u001b[39m     card: {"}}
[info] >        installments: null, {"user":"      installments: null,","metadata":{"emulator":{"name":"functions"},"function":{"name":"us-central1-api"},"message":"\u001b[90m> \u001b[39m       installments: null,"}}
[info] >        network: null, {"user":"      network: null,","metadata":{"emulator":{"name":"functions"},"function":{"name":"us-central1-api"},"message":"\u001b[90m> \u001b[39m       network: null,"}}
[info] >        request_three_d_secure: 'automatic' {"user":"      request_three_d_secure: 'automatic'","metadata":{"emulator":{"name":"functions"},"function":{"name":"us-central1-api"},"message":"\u001b[90m> \u001b[39m       request_three_d_secure: 'automatic'"}}
[info] >      } {"user":"    }","metadata":{"emulator":{"name":"functions"},"function":{"name":"us-central1-api"},"message":"\u001b[90m> \u001b[39m     }"}}
[info] >    }, {"user":"  },","metadata":{"emulator":{"name":"functions"},"function":{"name":"us-central1-api"},"message":"\u001b[90m> \u001b[39m   },"}}
[info] >    payment_method_types: [ 'card' ], {"user":"  payment_method_types: [ 'card' ],","metadata":{"emulator":{"name":"functions"},"function":{"name":"us-central1-api"},"message":"\u001b[90m> \u001b[39m   payment_method_types: [ 'card' ],"}}
[info] >    receipt_email: null, {"user":"  receipt_email: null,","metadata":{"emulator":{"name":"functions"},"function":{"name":"us-central1-api"},"message":"\u001b[90m> \u001b[39m   receipt_email: null,"}}
[info] >    review: null, {"user":"  review: null,","metadata":{"emulator":{"name":"functions"},"function":{"name":"us-central1-api"},"message":"\u001b[90m> \u001b[39m   review: null,"}}
[info] >    setup_future_usage: null, {"user":"  setup_future_usage: null,","metadata":{"emulator":{"name":"functions"},"function":{"name":"us-central1-api"},"message":"\u001b[90m> \u001b[39m   setup_future_usage: null,"}}
[info] >    shipping: null, {"user":"  shipping: null,","metadata":{"emulator":{"name":"functions"},"function":{"name":"us-central1-api"},"message":"\u001b[90m> \u001b[39m   shipping: null,"}}
[info] >    source: null, {"user":"  source: null,","metadata":{"emulator":{"name":"functions"},"function":{"name":"us-central1-api"},"message":"\u001b[90m> \u001b[39m   source: null,"}}
[info] >    statement_descriptor: null, {"user":"  statement_descriptor: null,","metadata":{"emulator":{"name":"functions"},"function":{"name":"us-central1-api"},"message":"\u001b[90m> \u001b[39m   statement_descriptor: null,"}}
[info] >    statement_descriptor_suffix: null, {"user":"  statement_descriptor_suffix: null,","metadata":{"emulator":{"name":"functions"},"function":{"name":"us-central1-api"},"message":"\u001b[90m> \u001b[39m   statement_descriptor_suffix: null,"}}
[info] >    status: 'requires_payment_method', {"user":"  status: 'requires_payment_method',","metadata":{"emulator":{"name":"functions"},"function":{"name":"us-central1-api"},"message":"\u001b[90m> \u001b[39m   status: 'requires_payment_method',"}}
[info] >    transfer_data: null, {"user":"  transfer_data: null,","metadata":{"emulator":{"name":"functions"},"function":{"name":"us-central1-api"},"message":"\u001b[90m> \u001b[39m   transfer_data: null,"}}
[info] >    transfer_group: null {"user":"  transfer_group: null","metadata":{"emulator":{"name":"functions"},"function":{"name":"us-central1-api"},"message":"\u001b[90m> \u001b[39m   transfer_group: null"}}
[info] >  } {"user":"}","metadata":{"emulator":{"name":"functions"},"function":{"name":"us-central1-api"},"message":"\u001b[90m> \u001b[39m }"}}
[info] >  (node:3228) UnhandledPromiseRejectionWarning: TypeError: Cannot read property 'message' of undefined {"user":"(node:3228) UnhandledPromiseRejectionWarning: TypeError: Cannot read property 'message' of undefined","metadata":{"emulator":{"name":"functions"},"function":{"name":"us-central1-api"},"message":"\u001b[90m> \u001b[39m (node:3228) UnhandledPromiseRejectionWarning: TypeError: Cannot read property 'message' of undefined"}}
[info] >      at P:\MYFLY\myflytest.com\chisfis\functions\index.js:40:39 {"user":"    at P:\\MYFLY\\myflytest.com\\chisfis\\functions\\index.js:40:39","metadata":{"emulator":{"name":"functions"},"function":{"name":"us-central1-api"},"message":"\u001b[90m> \u001b[39m     at P:\\MYFLY\\myflytest.com\\chisfis\\functions\\index.js:40:39"}}
[info] >      at processTicksAndRejections (internal/process/task_queues.js:93:5) {"user":"    at processTicksAndRejections (internal/process/task_queues.js:93:5)","metadata":{"emulator":{"name":"functions"},"function":{"name":"us-central1-api"},"message":"\u001b[90m> \u001b[39m     at processTicksAndRejections (internal/process/task_queues.js:93:5)"}}
[info] >  (Use `node --trace-warnings ...` to show where the warning was created) {"user":"(Use `node --trace-warnings ...` to show where the warning was created)","metadata":{"emulator":{"name":"functions"},"function":{"name":"us-central1-api"},"message":"\u001b[90m> \u001b[39m (Use `node --trace-warnings ...` to show where the warning was created)"}}
[info] >  (node:3228) UnhandledPromiseRejectionWarning: Unhandled promise rejection. This error originated either by throwing inside of an async function without a catch block, or by rejecting a promise which was not handled with .catch(). To terminate the node process on unhandled promise rejection, use the CLI flag `--unhandled-rejections=strict` (see https://nodejs.org/api/cli.html#cli_unhandled_rejections_mode). (rejection id: 1) {"user":"(node:3228) UnhandledPromiseRejectionWarning: Unhandled promise rejection. This error originated either by throwing inside of an async function without a catch block, or by rejecting a promise which was not handled with .catch(). To terminate the node process on unhandled promise rejection, use the CLI flag `--unhandled-rejections=strict` (see https://nodejs.org/api/cli.html#cli_unhandled_rejections_mode). (rejection id: 1)","metadata":{"emulator":{"name":"functions"},"function":{"name":"us-central1-api"},"message":"\u001b[90m> \u001b[39m (node:3228) UnhandledPromiseRejectionWarning: Unhandled promise rejection. This error originated either by throwing inside of an async function without a catch block, or by rejecting a promise which was not handled with .catch(). To terminate the node process on unhandled promise rejection, use the CLI flag `--unhandled-rejections=strict` (see https://nodejs.org/api/cli.html#cli_unhandled_rejections_mode). (rejection id: 1)"}}
[info] >  (node:3228) [DEP0018] DeprecationWarning: Unhandled promise rejections are deprecated. In the future, promise rejections that are not handled will terminate the Node.js process with a non-zero exit code. {"user":"(node:3228) [DEP0018] DeprecationWarning: Unhandled promise rejections are deprecated. In the future, promise rejections that are not handled will terminate the Node.js process with a non-zero exit code.","metadata":{"emulator":{"name":"functions"},"function":{"name":"us-central1-api"},"message":"\u001b[90m> \u001b[39m (node:3228) [DEP0018] DeprecationWarning: Unhandled promise rejections are deprecated. In the future, promise rejections that are not handled will terminate the Node.js process with a non-zero exit code."}}
[info] i  functions: Finished "us-central1-api" in ~1s {"metadata":{"emulator":{"name":"functions"},"function":{"name":"us-central1-api"},"message":"Finished \"us-central1-api\" in ~1s"}}
[debug] [2021-10-26T16:56:54.685Z] [worker-us-central1-api-51e9dca0-4ead-471a-a5b8-6c2845ef13c7]: IDLE {"metadata":{"emulator":{"name":"functions"},"message":"[worker-us-central1-api-51e9dca0-4ead-471a-a5b8-6c2845ef13c7]: IDLE"}}
[debug] [2021-10-26T16:56:54.686Z] [work-queue] {"queueLength":0,"workRunningCount":0}
[debug] [2021-10-26T16:57:38.000Z] [work-queue] {"queueLength":1,"workRunningCount":0}
[debug] [2021-10-26T16:57:38.000Z] [work-queue] {"queueLength":0,"workRunningCount":1}
[debug] [2021-10-26T16:57:38.000Z] Accepted request POST /testandtrip/us-central1/api/payments/create?total=10000 --> us-central1-api
[debug] [2021-10-26T16:57:38.000Z] [worker-pool] submitWork(triggerId=us-central1-api) {"metadata":{"emulator":{"name":"functions"},"message":"[worker-pool] submitWork(triggerId=us-central1-api)"}}
[debug] [2021-10-26T16:57:38.001Z] [worker-us-central1-api-51e9dca0-4ead-471a-a5b8-6c2845ef13c7]: Assigning socketPath: \\?\pipe\P:\MYFLY\myflytest.com\chisfis\functions\3228 {"metadata":{"emulator":{"name":"functions"},"message":"[worker-us-central1-api-51e9dca0-4ead-471a-a5b8-6c2845ef13c7]: Assigning socketPath: \\\\?\\pipe\\P:\\MYFLY\\myflytest.com\\chisfis\\functions\\3228"}}
[debug] [2021-10-26T16:57:38.001Z] [worker-us-central1-api-51e9dca0-4ead-471a-a5b8-6c2845ef13c7]: BUSY {"metadata":{"emulator":{"name":"functions"},"message":"[worker-us-central1-api-51e9dca0-4ead-471a-a5b8-6c2845ef13c7]: BUSY"}}
[debug] [2021-10-26T16:57:38.001Z] [runtime-status] [3228] Trigger "us-central1-api" has been found, beginning invocation! {"metadata":{"emulator":{"name":"functions"},"function":{"name":"us-central1-api"},"message":"[runtime-status] [3228] Trigger \"us-central1-api\" has been found, beginning invocation!"}}
[info] i  functions: Beginning execution of "us-central1-api" {"metadata":{"emulator":{"name":"functions"},"function":{"name":"us-central1-api"},"message":"Beginning execution of \"us-central1-api\""}}
[debug] [2021-10-26T16:57:38.003Z] [runtime-status] [3228] triggerDefinition {"httpsTrigger":{},"name":"api","entryPoint":"api","regions":["us-central1"],"region":"us-central1","id":"us-central1-api"} {"metadata":{"emulator":{"name":"functions"},"function":{"name":"us-central1-api"},"message":"[runtime-status] [3228] triggerDefinition {\"httpsTrigger\":{},\"name\":\"api\",\"entryPoint\":\"api\",\"regions\":[\"us-central1\"],\"region\":\"us-central1\",\"id\":\"us-central1-api\"}"}}
[debug] [2021-10-26T16:57:38.004Z] [runtime-status] [3228] Running us-central1-api in signature http {"metadata":{"emulator":{"name":"functions"},"function":{"name":"us-central1-api"},"message":"[runtime-status] [3228] Running us-central1-api in signature http"}}
[debug] [2021-10-26T16:57:38.004Z] [runtime-status] [3228] Attempting to listen to socketPath: \\?\pipe\P:\MYFLY\myflytest.com\chisfis\functions\3228 {"metadata":{"emulator":{"name":"functions"},"function":{"name":"us-central1-api"},"message":"[runtime-status] [3228] Attempting to listen to socketPath: \\\\?\\pipe\\P:\\MYFLY\\myflytest.com\\chisfis\\functions\\3228"}}
[debug] [2021-10-26T16:57:38.006Z] [functions] Runtime ready! Sending request! {"metadata":{"emulator":{"name":"functions"},"message":"[functions] Runtime ready! Sending request!"}}
[debug] [2021-10-26T16:57:38.006Z] [functions] Got req.url=/testandtrip/us-central1/api/payments/create?total=10000, mapping to path=/payments/create?total=10000 {"metadata":{"emulator":{"name":"functions"},"message":"[functions] Got req.url=/testandtrip/us-central1/api/payments/create?total=10000, mapping to path=/payments/create?total=10000"}}
[debug] [2021-10-26T16:57:38.010Z] [runtime-status] [3228] Ephemeral server handling POST request {"metadata":{"emulator":{"name":"functions"},"function":{"name":"us-central1-api"},"message":"[runtime-status] [3228] Ephemeral server handling POST request"}}
[info] >  Payment Request recieved {"user":"Payment Request recieved","metadata":{"emulator":{"name":"functions"},"function":{"name":"us-central1-api"},"message":"\u001b[90m> \u001b[39m Payment Request recieved"}}
[debug] [2021-10-26T16:57:38.012Z] [runtime-status] [3228] Ephemeral server survived. {"metadata":{"emulator":{"name":"functions"},"function":{"name":"us-central1-api"},"message":"[runtime-status] [3228] Ephemeral server survived."}}
[info] >  { {"user":"{","metadata":{"emulator":{"name":"functions"},"function":{"name":"us-central1-api"},"message":"\u001b[90m> \u001b[39m {"}}
[info] >    id: 'pi_3JosxyD6QVbbUe2S0MLebqjF', {"user":"  id: 'pi_3JosxyD6QVbbUe2S0MLebqjF',","metadata":{"emulator":{"name":"functions"},"function":{"name":"us-central1-api"},"message":"\u001b[90m> \u001b[39m   id: 'pi_3JosxyD6QVbbUe2S0MLebqjF',"}}
[info] >    object: 'payment_intent', {"user":"  object: 'payment_intent',","metadata":{"emulator":{"name":"functions"},"function":{"name":"us-central1-api"},"message":"\u001b[90m> \u001b[39m   object: 'payment_intent',"}}
[info] >    amount: 10000, {"user":"  amount: 10000,","metadata":{"emulator":{"name":"functions"},"function":{"name":"us-central1-api"},"message":"\u001b[90m> \u001b[39m   amount: 10000,"}}
[info] >    amount_capturable: 0, {"user":"  amount_capturable: 0,","metadata":{"emulator":{"name":"functions"},"function":{"name":"us-central1-api"},"message":"\u001b[90m> \u001b[39m   amount_capturable: 0,"}}
[info] >    amount_received: 0, {"user":"  amount_received: 0,","metadata":{"emulator":{"name":"functions"},"function":{"name":"us-central1-api"},"message":"\u001b[90m> \u001b[39m   amount_received: 0,"}}
[info] >    application: null, {"user":"  application: null,","metadata":{"emulator":{"name":"functions"},"function":{"name":"us-central1-api"},"message":"\u001b[90m> \u001b[39m   application: null,"}}
[info] >    application_fee_amount: null, {"user":"  application_fee_amount: null,","metadata":{"emulator":{"name":"functions"},"function":{"name":"us-central1-api"},"message":"\u001b[90m> \u001b[39m   application_fee_amount: null,"}}
[info] >    canceled_at: null, {"user":"  canceled_at: null,","metadata":{"emulator":{"name":"functions"},"function":{"name":"us-central1-api"},"message":"\u001b[90m> \u001b[39m   canceled_at: null,"}}
[info] >    cancellation_reason: null, {"user":"  cancellation_reason: null,","metadata":{"emulator":{"name":"functions"},"function":{"name":"us-central1-api"},"message":"\u001b[90m> \u001b[39m   cancellation_reason: null,"}}
[info] >    capture_method: 'automatic', {"user":"  capture_method: 'automatic',","metadata":{"emulator":{"name":"functions"},"function":{"name":"us-central1-api"},"message":"\u001b[90m> \u001b[39m   capture_method: 'automatic',"}}
[info] >    charges: { {"user":"  charges: {","metadata":{"emulator":{"name":"functions"},"function":{"name":"us-central1-api"},"message":"\u001b[90m> \u001b[39m   charges: {"}}
[info] >      object: 'list', {"user":"    object: 'list',","metadata":{"emulator":{"name":"functions"},"function":{"name":"us-central1-api"},"message":"\u001b[90m> \u001b[39m     object: 'list',"}}
[info] >      data: [], {"user":"    data: [],","metadata":{"emulator":{"name":"functions"},"function":{"name":"us-central1-api"},"message":"\u001b[90m> \u001b[39m     data: [],"}}
[info] >      has_more: false, {"user":"    has_more: false,","metadata":{"emulator":{"name":"functions"},"function":{"name":"us-central1-api"},"message":"\u001b[90m> \u001b[39m     has_more: false,"}}
[info] >      total_count: 0, {"user":"    total_count: 0,","metadata":{"emulator":{"name":"functions"},"function":{"name":"us-central1-api"},"message":"\u001b[90m> \u001b[39m     total_count: 0,"}}
[info] >      url: '/v1/charges?payment_intent=pi_3JosxyD6QVbbUe2S0MLebqjF' {"user":"    url: '/v1/charges?payment_intent=pi_3JosxyD6QVbbUe2S0MLebqjF'","metadata":{"emulator":{"name":"functions"},"function":{"name":"us-central1-api"},"message":"\u001b[90m> \u001b[39m     url: '/v1/charges?payment_intent=pi_3JosxyD6QVbbUe2S0MLebqjF'"}}
[info] >    }, {"user":"  },","metadata":{"emulator":{"name":"functions"},"function":{"name":"us-central1-api"},"message":"\u001b[90m> \u001b[39m   },"}}
[info] >    client_secret: 'pi_3JosxyD6QVbbUe2S0MLebqjF_secret_H7UhAr6bmKiUQwZxztuGqRx1V', {"user":"  client_secret: 'pi_3JosxyD6QVbbUe2S0MLebqjF_secret_H7UhAr6bmKiUQwZxztuGqRx1V',","metadata":{"emulator":{"name":"functions"},"function":{"name":"us-central1-api"},"message":"\u001b[90m> \u001b[39m   client_secret: 'pi_3JosxyD6QVbbUe2S0MLebqjF_secret_H7UhAr6bmKiUQwZxztuGqRx1V',"}}
[info] >    confirmation_method: 'automatic', {"user":"  confirmation_method: 'automatic',","metadata":{"emulator":{"name":"functions"},"function":{"name":"us-central1-api"},"message":"\u001b[90m> \u001b[39m   confirmation_method: 'automatic',"}}
[info] >    created: 1635267458, {"user":"  created: 1635267458,","metadata":{"emulator":{"name":"functions"},"function":{"name":"us-central1-api"},"message":"\u001b[90m> \u001b[39m   created: 1635267458,"}}
[info] >    currency: 'usd', {"user":"  currency: 'usd',","metadata":{"emulator":{"name":"functions"},"function":{"name":"us-central1-api"},"message":"\u001b[90m> \u001b[39m   currency: 'usd',"}}
[info] >    customer: null, {"user":"  customer: null,","metadata":{"emulator":{"name":"functions"},"function":{"name":"us-central1-api"},"message":"\u001b[90m> \u001b[39m   customer: null,"}}
[info] >    description: null, {"user":"  description: null,","metadata":{"emulator":{"name":"functions"},"function":{"name":"us-central1-api"},"message":"\u001b[90m> \u001b[39m   description: null,"}}
[info] >    invoice: null, {"user":"  invoice: null,","metadata":{"emulator":{"name":"functions"},"function":{"name":"us-central1-api"},"message":"\u001b[90m> \u001b[39m   invoice: null,"}}
[info] >    last_payment_error: null, {"user":"  last_payment_error: null,","metadata":{"emulator":{"name":"functions"},"function":{"name":"us-central1-api"},"message":"\u001b[90m> \u001b[39m   last_payment_error: null,"}}
[info] >    livemode: false, {"user":"  livemode: false,","metadata":{"emulator":{"name":"functions"},"function":{"name":"us-central1-api"},"message":"\u001b[90m> \u001b[39m   livemode: false,"}}
[info] >    metadata: {}, {"user":"  metadata: {},","metadata":{"emulator":{"name":"functions"},"function":{"name":"us-central1-api"},"message":"\u001b[90m> \u001b[39m   metadata: {},"}}
[info] >    next_action: null, {"user":"  next_action: null,","metadata":{"emulator":{"name":"functions"},"function":{"name":"us-central1-api"},"message":"\u001b[90m> \u001b[39m   next_action: null,"}}
[info] >    on_behalf_of: null, {"user":"  on_behalf_of: null,","metadata":{"emulator":{"name":"functions"},"function":{"name":"us-central1-api"},"message":"\u001b[90m> \u001b[39m   on_behalf_of: null,"}}
[info] >    payment_method: null, {"user":"  payment_method: null,","metadata":{"emulator":{"name":"functions"},"function":{"name":"us-central1-api"},"message":"\u001b[90m> \u001b[39m   payment_method: null,"}}
[info] >    payment_method_options: { {"user":"  payment_method_options: {","metadata":{"emulator":{"name":"functions"},"function":{"name":"us-central1-api"},"message":"\u001b[90m> \u001b[39m   payment_method_options: {"}}
[info] >      card: { {"user":"    card: {","metadata":{"emulator":{"name":"functions"},"function":{"name":"us-central1-api"},"message":"\u001b[90m> \u001b[39m     card: {"}}
[info] >        installments: null, {"user":"      installments: null,","metadata":{"emulator":{"name":"functions"},"function":{"name":"us-central1-api"},"message":"\u001b[90m> \u001b[39m       installments: null,"}}
[info] >        network: null, {"user":"      network: null,","metadata":{"emulator":{"name":"functions"},"function":{"name":"us-central1-api"},"message":"\u001b[90m> \u001b[39m       network: null,"}}
[info] >        request_three_d_secure: 'automatic' {"user":"      request_three_d_secure: 'automatic'","metadata":{"emulator":{"name":"functions"},"function":{"name":"us-central1-api"},"message":"\u001b[90m> \u001b[39m       request_three_d_secure: 'automatic'"}}
[info] >      } {"user":"    }","metadata":{"emulator":{"name":"functions"},"function":{"name":"us-central1-api"},"message":"\u001b[90m> \u001b[39m     }"}}
[info] >    }, {"user":"  },","metadata":{"emulator":{"name":"functions"},"function":{"name":"us-central1-api"},"message":"\u001b[90m> \u001b[39m   },"}}
[info] >    payment_method_types: [ 'card' ], {"user":"  payment_method_types: [ 'card' ],","metadata":{"emulator":{"name":"functions"},"function":{"name":"us-central1-api"},"message":"\u001b[90m> \u001b[39m   payment_method_types: [ 'card' ],"}}
[info] >    receipt_email: null, {"user":"  receipt_email: null,","metadata":{"emulator":{"name":"functions"},"function":{"name":"us-central1-api"},"message":"\u001b[90m> \u001b[39m   receipt_email: null,"}}
[info] >    review: null, {"user":"  review: null,","metadata":{"emulator":{"name":"functions"},"function":{"name":"us-central1-api"},"message":"\u001b[90m> \u001b[39m   review: null,"}}
[info] >    setup_future_usage: null, {"user":"  setup_future_usage: null,","metadata":{"emulator":{"name":"functions"},"function":{"name":"us-central1-api"},"message":"\u001b[90m> \u001b[39m   setup_future_usage: null,"}}
[info] >    shipping: null, {"user":"  shipping: null,","metadata":{"emulator":{"name":"functions"},"function":{"name":"us-central1-api"},"message":"\u001b[90m> \u001b[39m   shipping: null,"}}
[info] >    source: null, {"user":"  source: null,","metadata":{"emulator":{"name":"functions"},"function":{"name":"us-central1-api"},"message":"\u001b[90m> \u001b[39m   source: null,"}}
[info] >    statement_descriptor: null, {"user":"  statement_descriptor: null,","metadata":{"emulator":{"name":"functions"},"function":{"name":"us-central1-api"},"message":"\u001b[90m> \u001b[39m   statement_descriptor: null,"}}
[info] >    statement_descriptor_suffix: null, {"user":"  statement_descriptor_suffix: null,","metadata":{"emulator":{"name":"functions"},"function":{"name":"us-central1-api"},"message":"\u001b[90m> \u001b[39m   statement_descriptor_suffix: null,"}}
[info] >    status: 'requires_payment_method', {"user":"  status: 'requires_payment_method',","metadata":{"emulator":{"name":"functions"},"function":{"name":"us-central1-api"},"message":"\u001b[90m> \u001b[39m   status: 'requires_payment_method',"}}
[info] >    transfer_data: null, {"user":"  transfer_data: null,","metadata":{"emulator":{"name":"functions"},"function":{"name":"us-central1-api"},"message":"\u001b[90m> \u001b[39m   transfer_data: null,"}}
[info] >    transfer_group: null {"user":"  transfer_group: null","metadata":{"emulator":{"name":"functions"},"function":{"name":"us-central1-api"},"message":"\u001b[90m> \u001b[39m   transfer_group: null"}}
[info] >  } {"user":"}","metadata":{"emulator":{"name":"functions"},"function":{"name":"us-central1-api"},"message":"\u001b[90m> \u001b[39m }"}}
[info] >  (node:3228) UnhandledPromiseRejectionWarning: TypeError: Cannot read property 'message' of undefined {"user":"(node:3228) UnhandledPromiseRejectionWarning: TypeError: Cannot read property 'message' of undefined","metadata":{"emulator":{"name":"functions"},"function":{"name":"us-central1-api"},"message":"\u001b[90m> \u001b[39m (node:3228) UnhandledPromiseRejectionWarning: TypeError: Cannot read property 'message' of undefined"}}
[info] >      at P:\MYFLY\myflytest.com\chisfis\functions\index.js:40:39 {"user":"    at P:\\MYFLY\\myflytest.com\\chisfis\\functions\\index.js:40:39","metadata":{"emulator":{"name":"functions"},"function":{"name":"us-central1-api"},"message":"\u001b[90m> \u001b[39m     at P:\\MYFLY\\myflytest.com\\chisfis\\functions\\index.js:40:39"}}
[info] >      at processTicksAndRejections (internal/process/task_queues.js:93:5) {"user":"    at processTicksAndRejections (internal/process/task_queues.js:93:5)","metadata":{"emulator":{"name":"functions"},"function":{"name":"us-central1-api"},"message":"\u001b[90m> \u001b[39m     at processTicksAndRejections (internal/process/task_queues.js:93:5)"}}
[info] >  (node:3228) UnhandledPromiseRejectionWarning: Unhandled promise rejection. This error originated either by throwing inside of an async function without a catch block, or by rejecting a promise which was not handled with .catch(). To terminate the node process on unhandled promise rejection, use the CLI flag `--unhandled-rejections=strict` (see https://nodejs.org/api/cli.html#cli_unhandled_rejections_mode). (rejection id: 2) {"user":"(node:3228) UnhandledPromiseRejectionWarning: Unhandled promise rejection. This error originated either by throwing inside of an async function without a catch block, or by rejecting a promise which was not handled with .catch(). To terminate the node process on unhandled promise rejection, use the CLI flag `--unhandled-rejections=strict` (see https://nodejs.org/api/cli.html#cli_unhandled_rejections_mode). (rejection id: 2)","metadata":{"emulator":{"name":"functions"},"function":{"name":"us-central1-api"},"message":"\u001b[90m> \u001b[39m (node:3228) UnhandledPromiseRejectionWarning: Unhandled promise rejection. This error originated either by throwing inside of an async function without a catch block, or by rejecting a promise which was not handled with .catch(). To terminate the node process on unhandled promise rejection, use the CLI flag `--unhandled-rejections=strict` (see https://nodejs.org/api/cli.html#cli_unhandled_rejections_mode). (rejection id: 2)"}}
[info] i  functions: Finished "us-central1-api" in ~1s {"metadata":{"emulator":{"name":"functions"},"function":{"name":"us-central1-api"},"message":"Finished \"us-central1-api\" in ~1s"}}
[debug] [2021-10-26T16:57:38.440Z] [worker-us-central1-api-51e9dca0-4ead-471a-a5b8-6c2845ef13c7]: IDLE {"metadata":{"emulator":{"name":"functions"},"message":"[worker-us-central1-api-51e9dca0-4ead-471a-a5b8-6c2845ef13c7]: IDLE"}}
[debug] [2021-10-26T16:57:38.441Z] [work-queue] {"queueLength":0,"workRunningCount":0}
[debug] [2021-10-26T16:58:43.616Z] [work-queue] {"queueLength":1,"workRunningCount":0}
[debug] [2021-10-26T16:58:43.616Z] [work-queue] {"queueLength":0,"workRunningCount":1}
[debug] [2021-10-26T16:58:43.616Z] Accepted request POST /testandtrip/us-central1/api/payments/create?total=10000 --> us-central1-api
[debug] [2021-10-26T16:58:43.616Z] [worker-pool] submitWork(triggerId=us-central1-api) {"metadata":{"emulator":{"name":"functions"},"message":"[worker-pool] submitWork(triggerId=us-central1-api)"}}
[debug] [2021-10-26T16:58:43.616Z] [worker-us-central1-api-51e9dca0-4ead-471a-a5b8-6c2845ef13c7]: Assigning socketPath: \\?\pipe\P:\MYFLY\myflytest.com\chisfis\functions\3228 {"metadata":{"emulator":{"name":"functions"},"message":"[worker-us-central1-api-51e9dca0-4ead-471a-a5b8-6c2845ef13c7]: Assigning socketPath: \\\\?\\pipe\\P:\\MYFLY\\myflytest.com\\chisfis\\functions\\3228"}}
[debug] [2021-10-26T16:58:43.616Z] [worker-us-central1-api-51e9dca0-4ead-471a-a5b8-6c2845ef13c7]: BUSY {"metadata":{"emulator":{"name":"functions"},"message":"[worker-us-central1-api-51e9dca0-4ead-471a-a5b8-6c2845ef13c7]: BUSY"}}
[debug] [2021-10-26T16:58:43.617Z] [runtime-status] [3228] Trigger "us-central1-api" has been found, beginning invocation! {"metadata":{"emulator":{"name":"functions"},"function":{"name":"us-central1-api"},"message":"[runtime-status] [3228] Trigger \"us-central1-api\" has been found, beginning invocation!"}}
[info] i  functions: Beginning execution of "us-central1-api" {"metadata":{"emulator":{"name":"functions"},"function":{"name":"us-central1-api"},"message":"Beginning execution of \"us-central1-api\""}}
[debug] [2021-10-26T16:58:43.618Z] [runtime-status] [3228] triggerDefinition {"httpsTrigger":{},"name":"api","entryPoint":"api","regions":["us-central1"],"region":"us-central1","id":"us-central1-api"} {"metadata":{"emulator":{"name":"functions"},"function":{"name":"us-central1-api"},"message":"[runtime-status] [3228] triggerDefinition {\"httpsTrigger\":{},\"name\":\"api\",\"entryPoint\":\"api\",\"regions\":[\"us-central1\"],\"region\":\"us-central1\",\"id\":\"us-central1-api\"}"}}
[debug] [2021-10-26T16:58:43.618Z] [runtime-status] [3228] Running us-central1-api in signature http {"metadata":{"emulator":{"name":"functions"},"function":{"name":"us-central1-api"},"message":"[runtime-status] [3228] Running us-central1-api in signature http"}}
[debug] [2021-10-26T16:58:43.619Z] [runtime-status] [3228] Attempting to listen to socketPath: \\?\pipe\P:\MYFLY\myflytest.com\chisfis\functions\3228 {"metadata":{"emulator":{"name":"functions"},"function":{"name":"us-central1-api"},"message":"[runtime-status] [3228] Attempting to listen to socketPath: \\\\?\\pipe\\P:\\MYFLY\\myflytest.com\\chisfis\\functions\\3228"}}
[debug] [2021-10-26T16:58:43.620Z] [functions] Runtime ready! Sending request! {"metadata":{"emulator":{"name":"functions"},"message":"[functions] Runtime ready! Sending request!"}}
[debug] [2021-10-26T16:58:43.620Z] [functions] Got req.url=/testandtrip/us-central1/api/payments/create?total=10000, mapping to path=/payments/create?total=10000 {"metadata":{"emulator":{"name":"functions"},"message":"[functions] Got req.url=/testandtrip/us-central1/api/payments/create?total=10000, mapping to path=/payments/create?total=10000"}}
[debug] [2021-10-26T16:58:43.622Z] [runtime-status] [3228] Ephemeral server handling POST request {"metadata":{"emulator":{"name":"functions"},"function":{"name":"us-central1-api"},"message":"[runtime-status] [3228] Ephemeral server handling POST request"}}
[info] >  Payment Request recieved {"user":"Payment Request recieved","metadata":{"emulator":{"name":"functions"},"function":{"name":"us-central1-api"},"message":"\u001b[90m> \u001b[39m Payment Request recieved"}}
[debug] [2021-10-26T16:58:43.623Z] [runtime-status] [3228] Ephemeral server survived. {"metadata":{"emulator":{"name":"functions"},"function":{"name":"us-central1-api"},"message":"[runtime-status] [3228] Ephemeral server survived."}}
[info] >  { {"user":"{","metadata":{"emulator":{"name":"functions"},"function":{"name":"us-central1-api"},"message":"\u001b[90m> \u001b[39m {"}}
[info] >    id: 'pi_3Josz1D6QVbbUe2S1kMAVzLc', {"user":"  id: 'pi_3Josz1D6QVbbUe2S1kMAVzLc',","metadata":{"emulator":{"name":"functions"},"function":{"name":"us-central1-api"},"message":"\u001b[90m> \u001b[39m   id: 'pi_3Josz1D6QVbbUe2S1kMAVzLc',"}}
[info] >    object: 'payment_intent', {"user":"  object: 'payment_intent',","metadata":{"emulator":{"name":"functions"},"function":{"name":"us-central1-api"},"message":"\u001b[90m> \u001b[39m   object: 'payment_intent',"}}
[info] >    amount: 10000, {"user":"  amount: 10000,","metadata":{"emulator":{"name":"functions"},"function":{"name":"us-central1-api"},"message":"\u001b[90m> \u001b[39m   amount: 10000,"}}
[info] >    amount_capturable: 0, {"user":"  amount_capturable: 0,","metadata":{"emulator":{"name":"functions"},"function":{"name":"us-central1-api"},"message":"\u001b[90m> \u001b[39m   amount_capturable: 0,"}}
[info] >    amount_received: 0, {"user":"  amount_received: 0,","metadata":{"emulator":{"name":"functions"},"function":{"name":"us-central1-api"},"message":"\u001b[90m> \u001b[39m   amount_received: 0,"}}
[info] >    application: null, {"user":"  application: null,","metadata":{"emulator":{"name":"functions"},"function":{"name":"us-central1-api"},"message":"\u001b[90m> \u001b[39m   application: null,"}}
[info] >    application_fee_amount: null, {"user":"  application_fee_amount: null,","metadata":{"emulator":{"name":"functions"},"function":{"name":"us-central1-api"},"message":"\u001b[90m> \u001b[39m   application_fee_amount: null,"}}
[info] >    canceled_at: null, {"user":"  canceled_at: null,","metadata":{"emulator":{"name":"functions"},"function":{"name":"us-central1-api"},"message":"\u001b[90m> \u001b[39m   canceled_at: null,"}}
[info] >    cancellation_reason: null, {"user":"  cancellation_reason: null,","metadata":{"emulator":{"name":"functions"},"function":{"name":"us-central1-api"},"message":"\u001b[90m> \u001b[39m   cancellation_reason: null,"}}
[info] >    capture_method: 'automatic', {"user":"  capture_method: 'automatic',","metadata":{"emulator":{"name":"functions"},"function":{"name":"us-central1-api"},"message":"\u001b[90m> \u001b[39m   capture_method: 'automatic',"}}
[info] >    charges: { {"user":"  charges: {","metadata":{"emulator":{"name":"functions"},"function":{"name":"us-central1-api"},"message":"\u001b[90m> \u001b[39m   charges: {"}}
[info] >      object: 'list', {"user":"    object: 'list',","metadata":{"emulator":{"name":"functions"},"function":{"name":"us-central1-api"},"message":"\u001b[90m> \u001b[39m     object: 'list',"}}
[info] >      data: [], {"user":"    data: [],","metadata":{"emulator":{"name":"functions"},"function":{"name":"us-central1-api"},"message":"\u001b[90m> \u001b[39m     data: [],"}}
[info] >      has_more: false, {"user":"    has_more: false,","metadata":{"emulator":{"name":"functions"},"function":{"name":"us-central1-api"},"message":"\u001b[90m> \u001b[39m     has_more: false,"}}
[info] >      total_count: 0, {"user":"    total_count: 0,","metadata":{"emulator":{"name":"functions"},"function":{"name":"us-central1-api"},"message":"\u001b[90m> \u001b[39m     total_count: 0,"}}
[info] >      url: '/v1/charges?payment_intent=pi_3Josz1D6QVbbUe2S1kMAVzLc' {"user":"    url: '/v1/charges?payment_intent=pi_3Josz1D6QVbbUe2S1kMAVzLc'","metadata":{"emulator":{"name":"functions"},"function":{"name":"us-central1-api"},"message":"\u001b[90m> \u001b[39m     url: '/v1/charges?payment_intent=pi_3Josz1D6QVbbUe2S1kMAVzLc'"}}
[info] >    }, {"user":"  },","metadata":{"emulator":{"name":"functions"},"function":{"name":"us-central1-api"},"message":"\u001b[90m> \u001b[39m   },"}}
[info] >    client_secret: 'pi_3Josz1D6QVbbUe2S1kMAVzLc_secret_zQ6opyQB03C6oYRO2bawzjgXx', {"user":"  client_secret: 'pi_3Josz1D6QVbbUe2S1kMAVzLc_secret_zQ6opyQB03C6oYRO2bawzjgXx',","metadata":{"emulator":{"name":"functions"},"function":{"name":"us-central1-api"},"message":"\u001b[90m> \u001b[39m   client_secret: 'pi_3Josz1D6QVbbUe2S1kMAVzLc_secret_zQ6opyQB03C6oYRO2bawzjgXx',"}}
[info] >    confirmation_method: 'automatic', {"user":"  confirmation_method: 'automatic',","metadata":{"emulator":{"name":"functions"},"function":{"name":"us-central1-api"},"message":"\u001b[90m> \u001b[39m   confirmation_method: 'automatic',"}}
[info] >    created: 1635267523, {"user":"  created: 1635267523,","metadata":{"emulator":{"name":"functions"},"function":{"name":"us-central1-api"},"message":"\u001b[90m> \u001b[39m   created: 1635267523,"}}
[info] >    currency: 'usd', {"user":"  currency: 'usd',","metadata":{"emulator":{"name":"functions"},"function":{"name":"us-central1-api"},"message":"\u001b[90m> \u001b[39m   currency: 'usd',"}}
[info] >    customer: null, {"user":"  customer: null,","metadata":{"emulator":{"name":"functions"},"function":{"name":"us-central1-api"},"message":"\u001b[90m> \u001b[39m   customer: null,"}}
[info] >    description: null, {"user":"  description: null,","metadata":{"emulator":{"name":"functions"},"function":{"name":"us-central1-api"},"message":"\u001b[90m> \u001b[39m   description: null,"}}
[info] >    invoice: null, {"user":"  invoice: null,","metadata":{"emulator":{"name":"functions"},"function":{"name":"us-central1-api"},"message":"\u001b[90m> \u001b[39m   invoice: null,"}}
[info] >    last_payment_error: null, {"user":"  last_payment_error: null,","metadata":{"emulator":{"name":"functions"},"function":{"name":"us-central1-api"},"message":"\u001b[90m> \u001b[39m   last_payment_error: null,"}}
[info] >    livemode: false, {"user":"  livemode: false,","metadata":{"emulator":{"name":"functions"},"function":{"name":"us-central1-api"},"message":"\u001b[90m> \u001b[39m   livemode: false,"}}
[info] >    metadata: {}, {"user":"  metadata: {},","metadata":{"emulator":{"name":"functions"},"function":{"name":"us-central1-api"},"message":"\u001b[90m> \u001b[39m   metadata: {},"}}
[info] >    next_action: null, {"user":"  next_action: null,","metadata":{"emulator":{"name":"functions"},"function":{"name":"us-central1-api"},"message":"\u001b[90m> \u001b[39m   next_action: null,"}}
[info] >    on_behalf_of: null, {"user":"  on_behalf_of: null,","metadata":{"emulator":{"name":"functions"},"function":{"name":"us-central1-api"},"message":"\u001b[90m> \u001b[39m   on_behalf_of: null,"}}
[info] >    payment_method: null, {"user":"  payment_method: null,","metadata":{"emulator":{"name":"functions"},"function":{"name":"us-central1-api"},"message":"\u001b[90m> \u001b[39m   payment_method: null,"}}
[info] >    payment_method_options: { {"user":"  payment_method_options: {","metadata":{"emulator":{"name":"functions"},"function":{"name":"us-central1-api"},"message":"\u001b[90m> \u001b[39m   payment_method_options: {"}}
[info] >      card: { {"user":"    card: {","metadata":{"emulator":{"name":"functions"},"function":{"name":"us-central1-api"},"message":"\u001b[90m> \u001b[39m     card: {"}}
[info] >        installments: null, {"user":"      installments: null,","metadata":{"emulator":{"name":"functions"},"function":{"name":"us-central1-api"},"message":"\u001b[90m> \u001b[39m       installments: null,"}}
[info] >        network: null, {"user":"      network: null,","metadata":{"emulator":{"name":"functions"},"function":{"name":"us-central1-api"},"message":"\u001b[90m> \u001b[39m       network: null,"}}
[info] >        request_three_d_secure: 'automatic' {"user":"      request_three_d_secure: 'automatic'","metadata":{"emulator":{"name":"functions"},"function":{"name":"us-central1-api"},"message":"\u001b[90m> \u001b[39m       request_three_d_secure: 'automatic'"}}
[info] >      } {"user":"    }","metadata":{"emulator":{"name":"functions"},"function":{"name":"us-central1-api"},"message":"\u001b[90m> \u001b[39m     }"}}
[info] >    }, {"user":"  },","metadata":{"emulator":{"name":"functions"},"function":{"name":"us-central1-api"},"message":"\u001b[90m> \u001b[39m   },"}}
[info] >    payment_method_types: [ 'card' ], {"user":"  payment_method_types: [ 'card' ],","metadata":{"emulator":{"name":"functions"},"function":{"name":"us-central1-api"},"message":"\u001b[90m> \u001b[39m   payment_method_types: [ 'card' ],"}}
[info] >    receipt_email: null, {"user":"  receipt_email: null,","metadata":{"emulator":{"name":"functions"},"function":{"name":"us-central1-api"},"message":"\u001b[90m> \u001b[39m   receipt_email: null,"}}
[info] >    review: null, {"user":"  review: null,","metadata":{"emulator":{"name":"functions"},"function":{"name":"us-central1-api"},"message":"\u001b[90m> \u001b[39m   review: null,"}}
[info] >    setup_future_usage: null, {"user":"  setup_future_usage: null,","metadata":{"emulator":{"name":"functions"},"function":{"name":"us-central1-api"},"message":"\u001b[90m> \u001b[39m   setup_future_usage: null,"}}
[info] >    shipping: null, {"user":"  shipping: null,","metadata":{"emulator":{"name":"functions"},"function":{"name":"us-central1-api"},"message":"\u001b[90m> \u001b[39m   shipping: null,"}}
[info] >    source: null, {"user":"  source: null,","metadata":{"emulator":{"name":"functions"},"function":{"name":"us-central1-api"},"message":"\u001b[90m> \u001b[39m   source: null,"}}
[info] >    statement_descriptor: null, {"user":"  statement_descriptor: null,","metadata":{"emulator":{"name":"functions"},"function":{"name":"us-central1-api"},"message":"\u001b[90m> \u001b[39m   statement_descriptor: null,"}}
[info] >    statement_descriptor_suffix: null, {"user":"  statement_descriptor_suffix: null,","metadata":{"emulator":{"name":"functions"},"function":{"name":"us-central1-api"},"message":"\u001b[90m> \u001b[39m   statement_descriptor_suffix: null,"}}
[info] >    status: 'requires_payment_method', {"user":"  status: 'requires_payment_method',","metadata":{"emulator":{"name":"functions"},"function":{"name":"us-central1-api"},"message":"\u001b[90m> \u001b[39m   status: 'requires_payment_method',"}}
[info] >    transfer_data: null, {"user":"  transfer_data: null,","metadata":{"emulator":{"name":"functions"},"function":{"name":"us-central1-api"},"message":"\u001b[90m> \u001b[39m   transfer_data: null,"}}
[info] >    transfer_group: null {"user":"  transfer_group: null","metadata":{"emulator":{"name":"functions"},"function":{"name":"us-central1-api"},"message":"\u001b[90m> \u001b[39m   transfer_group: null"}}
[info] >  } {"user":"}","metadata":{"emulator":{"name":"functions"},"function":{"name":"us-central1-api"},"message":"\u001b[90m> \u001b[39m }"}}
[info] >  (node:3228) UnhandledPromiseRejectionWarning: TypeError: Cannot read property 'message' of undefined {"user":"(node:3228) UnhandledPromiseRejectionWarning: TypeError: Cannot read property 'message' of undefined","metadata":{"emulator":{"name":"functions"},"function":{"name":"us-central1-api"},"message":"\u001b[90m> \u001b[39m (node:3228) UnhandledPromiseRejectionWarning: TypeError: Cannot read property 'message' of undefined"}}
[info] >      at P:\MYFLY\myflytest.com\chisfis\functions\index.js:40:39 {"user":"    at P:\\MYFLY\\myflytest.com\\chisfis\\functions\\index.js:40:39","metadata":{"emulator":{"name":"functions"},"function":{"name":"us-central1-api"},"message":"\u001b[90m> \u001b[39m     at P:\\MYFLY\\myflytest.com\\chisfis\\functions\\index.js:40:39"}}
[info] >      at processTicksAndRejections (internal/process/task_queues.js:93:5) {"user":"    at processTicksAndRejections (internal/process/task_queues.js:93:5)","metadata":{"emulator":{"name":"functions"},"function":{"name":"us-central1-api"},"message":"\u001b[90m> \u001b[39m     at processTicksAndRejections (internal/process/task_queues.js:93:5)"}}
[info] >  (node:3228) UnhandledPromiseRejectionWarning: Unhandled promise rejection. This error originated either by throwing inside of an async function without a catch block, or by rejecting a promise which was not handled with .catch(). To terminate the node process on unhandled promise rejection, use the CLI flag `--unhandled-rejections=strict` (see https://nodejs.org/api/cli.html#cli_unhandled_rejections_mode). (rejection id: 3) {"user":"(node:3228) UnhandledPromiseRejectionWarning: Unhandled promise rejection. This error originated either by throwing inside of an async function without a catch block, or by rejecting a promise which was not handled with .catch(). To terminate the node process on unhandled promise rejection, use the CLI flag `--unhandled-rejections=strict` (see https://nodejs.org/api/cli.html#cli_unhandled_rejections_mode). (rejection id: 3)","metadata":{"emulator":{"name":"functions"},"function":{"name":"us-central1-api"},"message":"\u001b[90m> \u001b[39m (node:3228) UnhandledPromiseRejectionWarning: Unhandled promise rejection. This error originated either by throwing inside of an async function without a catch block, or by rejecting a promise which was not handled with .catch(). To terminate the node process on unhandled promise rejection, use the CLI flag `--unhandled-rejections=strict` (see https://nodejs.org/api/cli.html#cli_unhandled_rejections_mode). (rejection id: 3)"}}
[info] i  functions: Finished "us-central1-api" in ~1s {"metadata":{"emulator":{"name":"functions"},"function":{"name":"us-central1-api"},"message":"Finished \"us-central1-api\" in ~1s"}}
[debug] [2021-10-26T16:58:44.047Z] [worker-us-central1-api-51e9dca0-4ead-471a-a5b8-6c2845ef13c7]: IDLE {"metadata":{"emulator":{"name":"functions"},"message":"[worker-us-central1-api-51e9dca0-4ead-471a-a5b8-6c2845ef13c7]: IDLE"}}
[debug] [2021-10-26T16:58:44.048Z] [work-queue] {"queueLength":0,"workRunningCount":0}
