[debug] [2021-11-20T13:19:14.981Z] ----------------------------------------------------------------------
[debug] [2021-11-20T13:19:14.984Z] Command:       S:\PROGRAMS\node.exe C:\Users\abdulah\AppData\Roaming\npm\node_modules\firebase-tools\lib\bin\firebase.js emulators:start
[debug] [2021-11-20T13:19:14.984Z] CLI Version:   9.21.0
[debug] [2021-11-20T13:19:14.984Z] Platform:      win32
[debug] [2021-11-20T13:19:14.984Z] Node Version:  v14.16.0
[debug] [2021-11-20T13:19:14.985Z] Time:          Sat Nov 20 2021 18:49:14 GMT+0530 (India Standard Time)
[debug] [2021-11-20T13:19:14.985Z] ----------------------------------------------------------------------
[debug] 
[debug] [2021-11-20T13:19:15.042Z] > command requires scopes: ["email","openid","https://www.googleapis.com/auth/cloudplatformprojects.readonly","https://www.googleapis.com/auth/firebase","https://www.googleapis.com/auth/cloud-platform"]
[debug] [2021-11-20T13:19:15.043Z] > authorizing via signed-in user (shafaqshaikh10@gmail.com)
[info] i  emulators: Starting emulators: functions {"metadata":{"emulator":{"name":"hub"},"message":"Starting emulators: functions"}}
[warn] !  emulators: It seems that you are running multiple instances of the emulator suite for project testandtrip. This may result in unexpected behavior. 
[debug] [2021-11-20T13:19:15.063Z] [hub] writing locator at C:\Users\abdulah\AppData\Local\Temp\hub-testandtrip.json
[warn] !  functions: The following emulators are not running, calls to these services from the Functions emulator will affect production: auth, firestore, database, hosting, pubsub, storage {"metadata":{"emulator":{"name":"functions"},"message":"The following emulators are not running, calls to these services from the Functions emulator will affect production: \u001b[1mauth, firestore, database, hosting, pubsub, storage\u001b[22m"}}
[warn] !  Your requested "node" version "8" doesn't match your global version "14" {"metadata":{"emulator":{"name":"functions"},"message":"Your requested \"node\" version \"8\" doesn't match your global version \"14\""}}
[debug] [2021-11-20T13:19:15.143Z] defaultcredentials: writing to file C:\Users\abdulah\AppData\Roaming\firebase\shafaqshaikh10_gmail_com_application_default_credentials.json
[debug] [2021-11-20T13:19:15.147Z] Setting GAC to C:\Users\abdulah\AppData\Roaming\firebase\shafaqshaikh10_gmail_com_application_default_credentials.json {"metadata":{"emulator":{"name":"functions"},"message":"Setting GAC to C:\\Users\\abdulah\\AppData\\Roaming\\firebase\\shafaqshaikh10_gmail_com_application_default_credentials.json"}}
[debug] [2021-11-20T13:19:15.150Z] > refreshing access token with scopes: []
[debug] [2021-11-20T13:19:15.151Z] >>> HTTP REQUEST POST https://www.googleapis.com/oauth2/v3/token  
 <request body omitted>
[debug] [2021-11-20T13:19:15.308Z] <<< HTTP RESPONSE 200 {"pragma":"no-cache","date":"Sat, 20 Nov 2021 13:19:14 GMT","cache-control":"no-cache, no-store, max-age=0, must-revalidate","expires":"Mon, 01 Jan 1990 00:00:00 GMT","content-type":"application/json; charset=utf-8","vary":"X-Origin, Referer, Origin,Accept-Encoding","server":"scaffolding on HTTPServer2","x-xss-protection":"0","x-frame-options":"SAMEORIGIN","x-content-type-options":"nosniff","alt-svc":"h3=\":443\"; ma=2592000,h3-29=\":443\"; ma=2592000,h3-Q050=\":443\"; ma=2592000,h3-Q046=\":443\"; ma=2592000,h3-Q043=\":443\"; ma=2592000,quic=\":443\"; ma=2592000; v=\"46,43\"","accept-ranges":"none","transfer-encoding":"chunked"}
[debug] [2021-11-20T13:19:15.321Z] >>> [apiv2][query] GET https://firebase.googleapis.com/v1beta1/projects/testandtrip/adminSdkConfig [none]
[debug] [2021-11-20T13:19:15.818Z] <<< [apiv2][status] GET https://firebase.googleapis.com/v1beta1/projects/testandtrip/adminSdkConfig 200
[debug] [2021-11-20T13:19:15.818Z] <<< [apiv2][body] GET https://firebase.googleapis.com/v1beta1/projects/testandtrip/adminSdkConfig {"projectId":"testandtrip","storageBucket":"testandtrip.appspot.com","locationId":"europe-west"}
[warn] !  ui: Emulator UI unable to start on port 4000, starting on 4001 instead. {"metadata":{"emulator":{"name":"ui"},"message":"Emulator UI unable to start on port 4000, starting on 4001 instead."}}
[debug] [2021-11-20T13:19:15.899Z] Ignoring unsupported arg: auto_download {"metadata":{"emulator":{"name":"ui"},"message":"Ignoring unsupported arg: auto_download"}}
[debug] [2021-11-20T13:19:15.900Z] Ignoring unsupported arg: port {"metadata":{"emulator":{"name":"ui"},"message":"Ignoring unsupported arg: port"}}
[debug] [2021-11-20T13:19:15.900Z] Starting Emulator UI with command {"binary":"node","args":["C:\\Users\\abdulah\\.cache\\firebase\\emulators\\ui-v1.6.4\\server.bundle.js"],"optionalArgs":[],"joinArgs":false} {"metadata":{"emulator":{"name":"ui"},"message":"Starting Emulator UI with command {\"binary\":\"node\",\"args\":[\"C:\\\\Users\\\\abdulah\\\\.cache\\\\firebase\\\\emulators\\\\ui-v1.6.4\\\\server.bundle.js\"],\"optionalArgs\":[],\"joinArgs\":false}"}}
[info] i  ui: Emulator UI logging to ui-debug.log {"metadata":{"emulator":{"name":"ui"},"message":"Emulator UI logging to \u001b[1mui-debug.log\u001b[22m"}}
[debug] [2021-11-20T13:19:16.008Z] Web / API server started at localhost:4001
 {"metadata":{"emulator":{"name":"ui"},"message":"Web / API server started at localhost:4001\n"}}
[info] i  functions: Watching "P:\MYFLY\myflytest.com\chisfis\functions" for Cloud Functions... {"metadata":{"emulator":{"name":"functions"},"message":"Watching \"P:\\MYFLY\\myflytest.com\\chisfis\\functions\" for Cloud Functions..."}}
[debug] [2021-11-20T13:19:16.283Z] [worker-pool] addWorker(~diagnostic~) {"metadata":{"emulator":{"name":"functions"},"message":"[worker-pool] addWorker(~diagnostic~)"}}
[debug] [2021-11-20T13:19:16.283Z] [worker-pool] Adding worker with key ~diagnostic~, total=1 {"metadata":{"emulator":{"name":"functions"},"message":"[worker-pool] Adding worker with key ~diagnostic~, total=1"}}
[debug] [2021-11-20T13:19:16.283Z] [worker-pool] submitWork(triggerId=) {"metadata":{"emulator":{"name":"functions"},"message":"[worker-pool] submitWork(triggerId=)"}}
[debug] [2021-11-20T13:19:16.284Z] [worker-~diagnostic~-5f1afa3d-16dc-4961-b048-01716b78638a]: Assigning socketPath: \\?\pipe\P:\MYFLY\myflytest.com\chisfis\functions\10972 {"metadata":{"emulator":{"name":"functions"},"message":"[worker-~diagnostic~-5f1afa3d-16dc-4961-b048-01716b78638a]: Assigning socketPath: \\\\?\\pipe\\P:\\MYFLY\\myflytest.com\\chisfis\\functions\\10972"}}
[debug] [2021-11-20T13:19:16.284Z] [worker-~diagnostic~-5f1afa3d-16dc-4961-b048-01716b78638a]: BUSY {"metadata":{"emulator":{"name":"functions"},"message":"[worker-~diagnostic~-5f1afa3d-16dc-4961-b048-01716b78638a]: BUSY"}}
[debug] [2021-11-20T13:19:16.496Z] [runtime-status] [10972] Functions runtime initialized. {"cwd":"P:\\MYFLY\\myflytest.com\\chisfis\\functions","node_version":"14.16.0"} {"metadata":{"emulator":{"name":"functions"},"message":"[runtime-status] [10972] Functions runtime initialized. {\"cwd\":\"P:\\\\MYFLY\\\\myflytest.com\\\\chisfis\\\\functions\",\"node_version\":\"14.16.0\"}"}}
[debug] [2021-11-20T13:19:16.497Z] [runtime-status] [10972] Disabled runtime features: undefined {"metadata":{"emulator":{"name":"functions"},"message":"[runtime-status] [10972] Disabled runtime features: undefined"}}
[debug] [2021-11-20T13:19:16.511Z] [runtime-status] [10972] Resolved module firebase-admin {"declared":true,"installed":true,"version":"8.13.0","resolution":"P:\\MYFLY\\myflytest.com\\chisfis\\functions\\node_modules\\firebase-admin\\lib\\index.js"} {"metadata":{"emulator":{"name":"functions"},"message":"[runtime-status] [10972] Resolved module firebase-admin {\"declared\":true,\"installed\":true,\"version\":\"8.13.0\",\"resolution\":\"P:\\\\MYFLY\\\\myflytest.com\\\\chisfis\\\\functions\\\\node_modules\\\\firebase-admin\\\\lib\\\\index.js\"}"}}
[debug] [2021-11-20T13:19:16.526Z] [runtime-status] [10972] Resolved module firebase-functions {"declared":true,"installed":true,"version":"3.15.7","resolution":"P:\\MYFLY\\myflytest.com\\chisfis\\functions\\node_modules\\firebase-functions\\lib\\index.js"} {"metadata":{"emulator":{"name":"functions"},"message":"[runtime-status] [10972] Resolved module firebase-functions {\"declared\":true,\"installed\":true,\"version\":\"3.15.7\",\"resolution\":\"P:\\\\MYFLY\\\\myflytest.com\\\\chisfis\\\\functions\\\\node_modules\\\\firebase-functions\\\\lib\\\\index.js\"}"}}
[debug] [2021-11-20T13:19:16.527Z] [runtime-status] [10972] Outgoing network have been stubbed. [{"name":"http","status":"mocked"},{"name":"http","status":"mocked"},{"name":"https","status":"mocked"},{"name":"https","status":"mocked"},{"name":"net","status":"mocked"}] {"metadata":{"emulator":{"name":"functions"},"message":"[runtime-status] [10972] Outgoing network have been stubbed. [{\"name\":\"http\",\"status\":\"mocked\"},{\"name\":\"http\",\"status\":\"mocked\"},{\"name\":\"https\",\"status\":\"mocked\"},{\"name\":\"https\",\"status\":\"mocked\"},{\"name\":\"net\",\"status\":\"mocked\"}]"}}
[debug] [2021-11-20T13:19:16.528Z] [runtime-status] [10972] Resolved module firebase-functions {"declared":true,"installed":true,"version":"3.15.7","resolution":"P:\\MYFLY\\myflytest.com\\chisfis\\functions\\node_modules\\firebase-functions\\lib\\index.js"} {"metadata":{"emulator":{"name":"functions"},"message":"[runtime-status] [10972] Resolved module firebase-functions {\"declared\":true,\"installed\":true,\"version\":\"3.15.7\",\"resolution\":\"P:\\\\MYFLY\\\\myflytest.com\\\\chisfis\\\\functions\\\\node_modules\\\\firebase-functions\\\\lib\\\\index.js\"}"}}
[debug] [2021-11-20T13:19:16.944Z] [runtime-status] [10972] Checked functions.config() {"config":{}} {"metadata":{"emulator":{"name":"functions"},"message":"[runtime-status] [10972] Checked functions.config() {\"config\":{}}"}}
[debug] [2021-11-20T13:19:16.944Z] [runtime-status] [10972] firebase-functions has been stubbed. {"functionsResolution":{"declared":true,"installed":true,"version":"3.15.7","resolution":"P:\\MYFLY\\myflytest.com\\chisfis\\functions\\node_modules\\firebase-functions\\lib\\index.js"}} {"metadata":{"emulator":{"name":"functions"},"message":"[runtime-status] [10972] firebase-functions has been stubbed. {\"functionsResolution\":{\"declared\":true,\"installed\":true,\"version\":\"3.15.7\",\"resolution\":\"P:\\\\MYFLY\\\\myflytest.com\\\\chisfis\\\\functions\\\\node_modules\\\\firebase-functions\\\\lib\\\\index.js\"}}"}}
[debug] [2021-11-20T13:19:16.945Z] [runtime-status] [10972] Resolved module firebase-functions {"declared":true,"installed":true,"version":"3.15.7","resolution":"P:\\MYFLY\\myflytest.com\\chisfis\\functions\\node_modules\\firebase-functions\\lib\\index.js"} {"metadata":{"emulator":{"name":"functions"},"message":"[runtime-status] [10972] Resolved module firebase-functions {\"declared\":true,\"installed\":true,\"version\":\"3.15.7\",\"resolution\":\"P:\\\\MYFLY\\\\myflytest.com\\\\chisfis\\\\functions\\\\node_modules\\\\firebase-functions\\\\lib\\\\index.js\"}"}}
[debug] [2021-11-20T13:19:16.946Z] [runtime-status] [10972] Resolved module firebase-admin {"declared":true,"installed":true,"version":"8.13.0","resolution":"P:\\MYFLY\\myflytest.com\\chisfis\\functions\\node_modules\\firebase-admin\\lib\\index.js"} {"metadata":{"emulator":{"name":"functions"},"message":"[runtime-status] [10972] Resolved module firebase-admin {\"declared\":true,\"installed\":true,\"version\":\"8.13.0\",\"resolution\":\"P:\\\\MYFLY\\\\myflytest.com\\\\chisfis\\\\functions\\\\node_modules\\\\firebase-admin\\\\lib\\\\index.js\"}"}}
[debug] [2021-11-20T13:19:16.946Z] [runtime-status] [10972] Resolved module firebase-functions {"declared":true,"installed":true,"version":"3.15.7","resolution":"P:\\MYFLY\\myflytest.com\\chisfis\\functions\\node_modules\\firebase-functions\\lib\\index.js"} {"metadata":{"emulator":{"name":"functions"},"message":"[runtime-status] [10972] Resolved module firebase-functions {\"declared\":true,\"installed\":true,\"version\":\"3.15.7\",\"resolution\":\"P:\\\\MYFLY\\\\myflytest.com\\\\chisfis\\\\functions\\\\node_modules\\\\firebase-functions\\\\lib\\\\index.js\"}"}}
[debug] [2021-11-20T13:19:16.947Z] [runtime-status] [10972] firebase-admin has been stubbed. {"adminResolution":{"declared":true,"installed":true,"version":"8.13.0","resolution":"P:\\MYFLY\\myflytest.com\\chisfis\\functions\\node_modules\\firebase-admin\\lib\\index.js"}} {"metadata":{"emulator":{"name":"functions"},"message":"[runtime-status] [10972] firebase-admin has been stubbed. {\"adminResolution\":{\"declared\":true,\"installed\":true,\"version\":\"8.13.0\",\"resolution\":\"P:\\\\MYFLY\\\\myflytest.com\\\\chisfis\\\\functions\\\\node_modules\\\\firebase-admin\\\\lib\\\\index.js\"}}"}}
[info] +  functions[us-central1-api]: http function initialized (http://localhost:5001/testandtrip/us-central1/api). {"metadata":{"emulator":{"name":"functions"},"message":"\u001b[1mhttp\u001b[22m function initialized (http://localhost:5001/testandtrip/us-central1/api)."}}
[info] 
┌─────────────────────────────────────────────────────────────┐
│ ✔  All emulators ready! It is now safe to connect your app. │
│ i  View Emulator UI at http://localhost:4001                │
└─────────────────────────────────────────────────────────────┘

┌───────────┬────────────────┬─────────────────────────────────┐
│ Emulator  │ Host:Port      │ View in Emulator UI             │
├───────────┼────────────────┼─────────────────────────────────┤
│ Functions │ localhost:5001 │ http://localhost:4001/functions │
└───────────┴────────────────┴─────────────────────────────────┘
  Emulator Hub running at localhost:4400
  Other reserved ports: 4500

Issues? Report them at https://github.com/firebase/firebase-tools/issues and attach the *-debug.log files.
 
[debug] [2021-11-20T13:19:17.840Z] [worker-~diagnostic~-5f1afa3d-16dc-4961-b048-01716b78638a]: IDLE {"metadata":{"emulator":{"name":"functions"},"message":"[worker-~diagnostic~-5f1afa3d-16dc-4961-b048-01716b78638a]: IDLE"}}
[debug] [2021-11-20T13:19:23.404Z] [work-queue] {"queueLength":1,"workRunningCount":0}
[debug] [2021-11-20T13:19:23.404Z] [work-queue] {"queueLength":0,"workRunningCount":1}
[debug] [2021-11-20T13:19:23.405Z] Accepted request POST /testandtrip/us-central1/api/payments/create?total=30315 --> us-central1-api
[debug] [2021-11-20T13:19:23.409Z] [worker-pool] addWorker(us-central1-api) {"metadata":{"emulator":{"name":"functions"},"message":"[worker-pool] addWorker(us-central1-api)"}}
[debug] [2021-11-20T13:19:23.410Z] [worker-pool] Adding worker with key us-central1-api, total=1 {"metadata":{"emulator":{"name":"functions"},"message":"[worker-pool] Adding worker with key us-central1-api, total=1"}}
[debug] [2021-11-20T13:19:23.410Z] [worker-pool] submitWork(triggerId=us-central1-api) {"metadata":{"emulator":{"name":"functions"},"message":"[worker-pool] submitWork(triggerId=us-central1-api)"}}
[debug] [2021-11-20T13:19:23.410Z] [worker-us-central1-api-832b562b-979e-4ddc-a488-e29c8315ae8b]: Assigning socketPath: \\?\pipe\P:\MYFLY\myflytest.com\chisfis\functions\12676 {"metadata":{"emulator":{"name":"functions"},"message":"[worker-us-central1-api-832b562b-979e-4ddc-a488-e29c8315ae8b]: Assigning socketPath: \\\\?\\pipe\\P:\\MYFLY\\myflytest.com\\chisfis\\functions\\12676"}}
[debug] [2021-11-20T13:19:23.410Z] [worker-us-central1-api-832b562b-979e-4ddc-a488-e29c8315ae8b]: BUSY {"metadata":{"emulator":{"name":"functions"},"message":"[worker-us-central1-api-832b562b-979e-4ddc-a488-e29c8315ae8b]: BUSY"}}
[debug] [2021-11-20T13:19:23.604Z] [runtime-status] [12676] Functions runtime initialized. {"cwd":"P:\\MYFLY\\myflytest.com\\chisfis\\functions","node_version":"14.16.0"} {"metadata":{"emulator":{"name":"functions"},"function":{"name":"us-central1-api"},"message":"[runtime-status] [12676] Functions runtime initialized. {\"cwd\":\"P:\\\\MYFLY\\\\myflytest.com\\\\chisfis\\\\functions\",\"node_version\":\"14.16.0\"}"}}
[debug] [2021-11-20T13:19:23.606Z] [runtime-status] [12676] Disabled runtime features: undefined {"metadata":{"emulator":{"name":"functions"},"function":{"name":"us-central1-api"},"message":"[runtime-status] [12676] Disabled runtime features: undefined"}}
[debug] [2021-11-20T13:19:23.609Z] [runtime-status] [12676] Resolved module firebase-admin {"declared":true,"installed":true,"version":"8.13.0","resolution":"P:\\MYFLY\\myflytest.com\\chisfis\\functions\\node_modules\\firebase-admin\\lib\\index.js"} {"metadata":{"emulator":{"name":"functions"},"function":{"name":"us-central1-api"},"message":"[runtime-status] [12676] Resolved module firebase-admin {\"declared\":true,\"installed\":true,\"version\":\"8.13.0\",\"resolution\":\"P:\\\\MYFLY\\\\myflytest.com\\\\chisfis\\\\functions\\\\node_modules\\\\firebase-admin\\\\lib\\\\index.js\"}"}}
[debug] [2021-11-20T13:19:23.612Z] [runtime-status] [12676] Resolved module firebase-functions {"declared":true,"installed":true,"version":"3.15.7","resolution":"P:\\MYFLY\\myflytest.com\\chisfis\\functions\\node_modules\\firebase-functions\\lib\\index.js"} {"metadata":{"emulator":{"name":"functions"},"function":{"name":"us-central1-api"},"message":"[runtime-status] [12676] Resolved module firebase-functions {\"declared\":true,\"installed\":true,\"version\":\"3.15.7\",\"resolution\":\"P:\\\\MYFLY\\\\myflytest.com\\\\chisfis\\\\functions\\\\node_modules\\\\firebase-functions\\\\lib\\\\index.js\"}"}}
[debug] [2021-11-20T13:19:23.614Z] [runtime-status] [12676] Outgoing network have been stubbed. [{"name":"http","status":"mocked"},{"name":"http","status":"mocked"},{"name":"https","status":"mocked"},{"name":"https","status":"mocked"},{"name":"net","status":"mocked"}] {"metadata":{"emulator":{"name":"functions"},"function":{"name":"us-central1-api"},"message":"[runtime-status] [12676] Outgoing network have been stubbed. [{\"name\":\"http\",\"status\":\"mocked\"},{\"name\":\"http\",\"status\":\"mocked\"},{\"name\":\"https\",\"status\":\"mocked\"},{\"name\":\"https\",\"status\":\"mocked\"},{\"name\":\"net\",\"status\":\"mocked\"}]"}}
[debug] [2021-11-20T13:19:23.615Z] [runtime-status] [12676] Resolved module firebase-functions {"declared":true,"installed":true,"version":"3.15.7","resolution":"P:\\MYFLY\\myflytest.com\\chisfis\\functions\\node_modules\\firebase-functions\\lib\\index.js"} {"metadata":{"emulator":{"name":"functions"},"function":{"name":"us-central1-api"},"message":"[runtime-status] [12676] Resolved module firebase-functions {\"declared\":true,\"installed\":true,\"version\":\"3.15.7\",\"resolution\":\"P:\\\\MYFLY\\\\myflytest.com\\\\chisfis\\\\functions\\\\node_modules\\\\firebase-functions\\\\lib\\\\index.js\"}"}}
[debug] [2021-11-20T13:19:23.653Z] [runtime-status] [12676] Checked functions.config() {"config":{}} {"metadata":{"emulator":{"name":"functions"},"function":{"name":"us-central1-api"},"message":"[runtime-status] [12676] Checked functions.config() {\"config\":{}}"}}
[debug] [2021-11-20T13:19:23.653Z] [runtime-status] [12676] firebase-functions has been stubbed. {"functionsResolution":{"declared":true,"installed":true,"version":"3.15.7","resolution":"P:\\MYFLY\\myflytest.com\\chisfis\\functions\\node_modules\\firebase-functions\\lib\\index.js"}} {"metadata":{"emulator":{"name":"functions"},"function":{"name":"us-central1-api"},"message":"[runtime-status] [12676] firebase-functions has been stubbed. {\"functionsResolution\":{\"declared\":true,\"installed\":true,\"version\":\"3.15.7\",\"resolution\":\"P:\\\\MYFLY\\\\myflytest.com\\\\chisfis\\\\functions\\\\node_modules\\\\firebase-functions\\\\lib\\\\index.js\"}}"}}
[debug] [2021-11-20T13:19:23.653Z] [runtime-status] [12676] Resolved module firebase-functions {"declared":true,"installed":true,"version":"3.15.7","resolution":"P:\\MYFLY\\myflytest.com\\chisfis\\functions\\node_modules\\firebase-functions\\lib\\index.js"} {"metadata":{"emulator":{"name":"functions"},"function":{"name":"us-central1-api"},"message":"[runtime-status] [12676] Resolved module firebase-functions {\"declared\":true,\"installed\":true,\"version\":\"3.15.7\",\"resolution\":\"P:\\\\MYFLY\\\\myflytest.com\\\\chisfis\\\\functions\\\\node_modules\\\\firebase-functions\\\\lib\\\\index.js\"}"}}
[debug] [2021-11-20T13:19:23.655Z] [runtime-status] [12676] Resolved module firebase-admin {"declared":true,"installed":true,"version":"8.13.0","resolution":"P:\\MYFLY\\myflytest.com\\chisfis\\functions\\node_modules\\firebase-admin\\lib\\index.js"} {"metadata":{"emulator":{"name":"functions"},"function":{"name":"us-central1-api"},"message":"[runtime-status] [12676] Resolved module firebase-admin {\"declared\":true,\"installed\":true,\"version\":\"8.13.0\",\"resolution\":\"P:\\\\MYFLY\\\\myflytest.com\\\\chisfis\\\\functions\\\\node_modules\\\\firebase-admin\\\\lib\\\\index.js\"}"}}
[debug] [2021-11-20T13:19:23.655Z] [runtime-status] [12676] Resolved module firebase-functions {"declared":true,"installed":true,"version":"3.15.7","resolution":"P:\\MYFLY\\myflytest.com\\chisfis\\functions\\node_modules\\firebase-functions\\lib\\index.js"} {"metadata":{"emulator":{"name":"functions"},"function":{"name":"us-central1-api"},"message":"[runtime-status] [12676] Resolved module firebase-functions {\"declared\":true,\"installed\":true,\"version\":\"3.15.7\",\"resolution\":\"P:\\\\MYFLY\\\\myflytest.com\\\\chisfis\\\\functions\\\\node_modules\\\\firebase-functions\\\\lib\\\\index.js\"}"}}
[debug] [2021-11-20T13:19:23.655Z] [runtime-status] [12676] firebase-admin has been stubbed. {"adminResolution":{"declared":true,"installed":true,"version":"8.13.0","resolution":"P:\\MYFLY\\myflytest.com\\chisfis\\functions\\node_modules\\firebase-admin\\lib\\index.js"}} {"metadata":{"emulator":{"name":"functions"},"function":{"name":"us-central1-api"},"message":"[runtime-status] [12676] firebase-admin has been stubbed. {\"adminResolution\":{\"declared\":true,\"installed\":true,\"version\":\"8.13.0\",\"resolution\":\"P:\\\\MYFLY\\\\myflytest.com\\\\chisfis\\\\functions\\\\node_modules\\\\firebase-admin\\\\lib\\\\index.js\"}}"}}
[debug] [2021-11-20T13:19:23.809Z] [runtime-status] [12676] Trigger "us-central1-api" has been found, beginning invocation! {"metadata":{"emulator":{"name":"functions"},"function":{"name":"us-central1-api"},"message":"[runtime-status] [12676] Trigger \"us-central1-api\" has been found, beginning invocation!"}}
[info] i  functions: Beginning execution of "us-central1-api" {"metadata":{"emulator":{"name":"functions"},"function":{"name":"us-central1-api"},"message":"Beginning execution of \"us-central1-api\""}}
[debug] [2021-11-20T13:19:23.811Z] [runtime-status] [12676] triggerDefinition {"httpsTrigger":{},"name":"api","entryPoint":"api","regions":["us-central1"],"region":"us-central1","id":"us-central1-api"} {"metadata":{"emulator":{"name":"functions"},"function":{"name":"us-central1-api"},"message":"[runtime-status] [12676] triggerDefinition {\"httpsTrigger\":{},\"name\":\"api\",\"entryPoint\":\"api\",\"regions\":[\"us-central1\"],\"region\":\"us-central1\",\"id\":\"us-central1-api\"}"}}
[debug] [2021-11-20T13:19:23.811Z] [runtime-status] [12676] Running us-central1-api in signature http {"metadata":{"emulator":{"name":"functions"},"function":{"name":"us-central1-api"},"message":"[runtime-status] [12676] Running us-central1-api in signature http"}}
[debug] [2021-11-20T13:19:23.813Z] [runtime-status] [12676] Attempting to listen to socketPath: \\?\pipe\P:\MYFLY\myflytest.com\chisfis\functions\12676 {"metadata":{"emulator":{"name":"functions"},"function":{"name":"us-central1-api"},"message":"[runtime-status] [12676] Attempting to listen to socketPath: \\\\?\\pipe\\P:\\MYFLY\\myflytest.com\\chisfis\\functions\\12676"}}
[debug] [2021-11-20T13:19:23.816Z] [functions] Runtime ready! Sending request! {"metadata":{"emulator":{"name":"functions"},"message":"[functions] Runtime ready! Sending request!"}}
[debug] [2021-11-20T13:19:23.817Z] [functions] Got req.url=/testandtrip/us-central1/api/payments/create?total=30315, mapping to path=/payments/create?total=30315 {"metadata":{"emulator":{"name":"functions"},"message":"[functions] Got req.url=/testandtrip/us-central1/api/payments/create?total=30315, mapping to path=/payments/create?total=30315"}}
[debug] [2021-11-20T13:19:23.825Z] [runtime-status] [12676] Ephemeral server handling POST request {"metadata":{"emulator":{"name":"functions"},"function":{"name":"us-central1-api"},"message":"[runtime-status] [12676] Ephemeral server handling POST request"}}
[info] >  Payment Request recieved {"user":"Payment Request recieved","metadata":{"emulator":{"name":"functions"},"function":{"name":"us-central1-api"},"message":"\u001b[90m> \u001b[39m Payment Request recieved"}}
[debug] [2021-11-20T13:19:23.837Z] [runtime-status] [12676] Ephemeral server survived. {"metadata":{"emulator":{"name":"functions"},"function":{"name":"us-central1-api"},"message":"[runtime-status] [12676] Ephemeral server survived."}}
[info] >  { {"user":"{","metadata":{"emulator":{"name":"functions"},"function":{"name":"us-central1-api"},"message":"\u001b[90m> \u001b[39m {"}}
[info] >    id: 'pi_3JxtTUD6QVbbUe2S18S8uNZJ', {"user":"  id: 'pi_3JxtTUD6QVbbUe2S18S8uNZJ',","metadata":{"emulator":{"name":"functions"},"function":{"name":"us-central1-api"},"message":"\u001b[90m> \u001b[39m   id: 'pi_3JxtTUD6QVbbUe2S18S8uNZJ',"}}
[info] >    object: 'payment_intent', {"user":"  object: 'payment_intent',","metadata":{"emulator":{"name":"functions"},"function":{"name":"us-central1-api"},"message":"\u001b[90m> \u001b[39m   object: 'payment_intent',"}}
[info] >    amount: 30315, {"user":"  amount: 30315,","metadata":{"emulator":{"name":"functions"},"function":{"name":"us-central1-api"},"message":"\u001b[90m> \u001b[39m   amount: 30315,"}}
[info] >    amount_capturable: 0, {"user":"  amount_capturable: 0,","metadata":{"emulator":{"name":"functions"},"function":{"name":"us-central1-api"},"message":"\u001b[90m> \u001b[39m   amount_capturable: 0,"}}
[info] >    amount_received: 0, {"user":"  amount_received: 0,","metadata":{"emulator":{"name":"functions"},"function":{"name":"us-central1-api"},"message":"\u001b[90m> \u001b[39m   amount_received: 0,"}}
[info] >    application: null, {"user":"  application: null,","metadata":{"emulator":{"name":"functions"},"function":{"name":"us-central1-api"},"message":"\u001b[90m> \u001b[39m   application: null,"}}
[info] >    application_fee_amount: null, {"user":"  application_fee_amount: null,","metadata":{"emulator":{"name":"functions"},"function":{"name":"us-central1-api"},"message":"\u001b[90m> \u001b[39m   application_fee_amount: null,"}}
[info] >    automatic_payment_methods: null, {"user":"  automatic_payment_methods: null,","metadata":{"emulator":{"name":"functions"},"function":{"name":"us-central1-api"},"message":"\u001b[90m> \u001b[39m   automatic_payment_methods: null,"}}
[info] >    canceled_at: null, {"user":"  canceled_at: null,","metadata":{"emulator":{"name":"functions"},"function":{"name":"us-central1-api"},"message":"\u001b[90m> \u001b[39m   canceled_at: null,"}}
[info] >    cancellation_reason: null, {"user":"  cancellation_reason: null,","metadata":{"emulator":{"name":"functions"},"function":{"name":"us-central1-api"},"message":"\u001b[90m> \u001b[39m   cancellation_reason: null,"}}
[info] >    capture_method: 'automatic', {"user":"  capture_method: 'automatic',","metadata":{"emulator":{"name":"functions"},"function":{"name":"us-central1-api"},"message":"\u001b[90m> \u001b[39m   capture_method: 'automatic',"}}
[info] >    charges: { {"user":"  charges: {","metadata":{"emulator":{"name":"functions"},"function":{"name":"us-central1-api"},"message":"\u001b[90m> \u001b[39m   charges: {"}}
[info] >      object: 'list', {"user":"    object: 'list',","metadata":{"emulator":{"name":"functions"},"function":{"name":"us-central1-api"},"message":"\u001b[90m> \u001b[39m     object: 'list',"}}
[info] >      data: [], {"user":"    data: [],","metadata":{"emulator":{"name":"functions"},"function":{"name":"us-central1-api"},"message":"\u001b[90m> \u001b[39m     data: [],"}}
[info] >      has_more: false, {"user":"    has_more: false,","metadata":{"emulator":{"name":"functions"},"function":{"name":"us-central1-api"},"message":"\u001b[90m> \u001b[39m     has_more: false,"}}
[info] >      total_count: 0, {"user":"    total_count: 0,","metadata":{"emulator":{"name":"functions"},"function":{"name":"us-central1-api"},"message":"\u001b[90m> \u001b[39m     total_count: 0,"}}
[info] >      url: '/v1/charges?payment_intent=pi_3JxtTUD6QVbbUe2S18S8uNZJ' {"user":"    url: '/v1/charges?payment_intent=pi_3JxtTUD6QVbbUe2S18S8uNZJ'","metadata":{"emulator":{"name":"functions"},"function":{"name":"us-central1-api"},"message":"\u001b[90m> \u001b[39m     url: '/v1/charges?payment_intent=pi_3JxtTUD6QVbbUe2S18S8uNZJ'"}}
[info] >    }, {"user":"  },","metadata":{"emulator":{"name":"functions"},"function":{"name":"us-central1-api"},"message":"\u001b[90m> \u001b[39m   },"}}
[info] >    client_secret: 'pi_3JxtTUD6QVbbUe2S18S8uNZJ_secret_GYfNYI7UnIzEMaLUT3WrnPhA8', {"user":"  client_secret: 'pi_3JxtTUD6QVbbUe2S18S8uNZJ_secret_GYfNYI7UnIzEMaLUT3WrnPhA8',","metadata":{"emulator":{"name":"functions"},"function":{"name":"us-central1-api"},"message":"\u001b[90m> \u001b[39m   client_secret: 'pi_3JxtTUD6QVbbUe2S18S8uNZJ_secret_GYfNYI7UnIzEMaLUT3WrnPhA8',"}}
[info] >    confirmation_method: 'automatic', {"user":"  confirmation_method: 'automatic',","metadata":{"emulator":{"name":"functions"},"function":{"name":"us-central1-api"},"message":"\u001b[90m> \u001b[39m   confirmation_method: 'automatic',"}}
[info] >    created: 1637414364, {"user":"  created: 1637414364,","metadata":{"emulator":{"name":"functions"},"function":{"name":"us-central1-api"},"message":"\u001b[90m> \u001b[39m   created: 1637414364,"}}
[info] >    currency: 'usd', {"user":"  currency: 'usd',","metadata":{"emulator":{"name":"functions"},"function":{"name":"us-central1-api"},"message":"\u001b[90m> \u001b[39m   currency: 'usd',"}}
[info] >    customer: null, {"user":"  customer: null,","metadata":{"emulator":{"name":"functions"},"function":{"name":"us-central1-api"},"message":"\u001b[90m> \u001b[39m   customer: null,"}}
[info] >    description: null, {"user":"  description: null,","metadata":{"emulator":{"name":"functions"},"function":{"name":"us-central1-api"},"message":"\u001b[90m> \u001b[39m   description: null,"}}
[info] >    invoice: null, {"user":"  invoice: null,","metadata":{"emulator":{"name":"functions"},"function":{"name":"us-central1-api"},"message":"\u001b[90m> \u001b[39m   invoice: null,"}}
[info] >    last_payment_error: null, {"user":"  last_payment_error: null,","metadata":{"emulator":{"name":"functions"},"function":{"name":"us-central1-api"},"message":"\u001b[90m> \u001b[39m   last_payment_error: null,"}}
[info] >    livemode: false, {"user":"  livemode: false,","metadata":{"emulator":{"name":"functions"},"function":{"name":"us-central1-api"},"message":"\u001b[90m> \u001b[39m   livemode: false,"}}
[info] >    metadata: {}, {"user":"  metadata: {},","metadata":{"emulator":{"name":"functions"},"function":{"name":"us-central1-api"},"message":"\u001b[90m> \u001b[39m   metadata: {},"}}
[info] >    next_action: null, {"user":"  next_action: null,","metadata":{"emulator":{"name":"functions"},"function":{"name":"us-central1-api"},"message":"\u001b[90m> \u001b[39m   next_action: null,"}}
[info] >    on_behalf_of: null, {"user":"  on_behalf_of: null,","metadata":{"emulator":{"name":"functions"},"function":{"name":"us-central1-api"},"message":"\u001b[90m> \u001b[39m   on_behalf_of: null,"}}
[info] >    payment_method: null, {"user":"  payment_method: null,","metadata":{"emulator":{"name":"functions"},"function":{"name":"us-central1-api"},"message":"\u001b[90m> \u001b[39m   payment_method: null,"}}
[info] >    payment_method_options: { {"user":"  payment_method_options: {","metadata":{"emulator":{"name":"functions"},"function":{"name":"us-central1-api"},"message":"\u001b[90m> \u001b[39m   payment_method_options: {"}}
[info] >      card: { {"user":"    card: {","metadata":{"emulator":{"name":"functions"},"function":{"name":"us-central1-api"},"message":"\u001b[90m> \u001b[39m     card: {"}}
[info] >        installments: null, {"user":"      installments: null,","metadata":{"emulator":{"name":"functions"},"function":{"name":"us-central1-api"},"message":"\u001b[90m> \u001b[39m       installments: null,"}}
[info] >        network: null, {"user":"      network: null,","metadata":{"emulator":{"name":"functions"},"function":{"name":"us-central1-api"},"message":"\u001b[90m> \u001b[39m       network: null,"}}
[info] >        request_three_d_secure: 'automatic' {"user":"      request_three_d_secure: 'automatic'","metadata":{"emulator":{"name":"functions"},"function":{"name":"us-central1-api"},"message":"\u001b[90m> \u001b[39m       request_three_d_secure: 'automatic'"}}
[info] >      } {"user":"    }","metadata":{"emulator":{"name":"functions"},"function":{"name":"us-central1-api"},"message":"\u001b[90m> \u001b[39m     }"}}
[info] >    }, {"user":"  },","metadata":{"emulator":{"name":"functions"},"function":{"name":"us-central1-api"},"message":"\u001b[90m> \u001b[39m   },"}}
[info] >    payment_method_types: [ 'card' ], {"user":"  payment_method_types: [ 'card' ],","metadata":{"emulator":{"name":"functions"},"function":{"name":"us-central1-api"},"message":"\u001b[90m> \u001b[39m   payment_method_types: [ 'card' ],"}}
[info] >    receipt_email: null, {"user":"  receipt_email: null,","metadata":{"emulator":{"name":"functions"},"function":{"name":"us-central1-api"},"message":"\u001b[90m> \u001b[39m   receipt_email: null,"}}
[info] >    review: null, {"user":"  review: null,","metadata":{"emulator":{"name":"functions"},"function":{"name":"us-central1-api"},"message":"\u001b[90m> \u001b[39m   review: null,"}}
[info] >    setup_future_usage: null, {"user":"  setup_future_usage: null,","metadata":{"emulator":{"name":"functions"},"function":{"name":"us-central1-api"},"message":"\u001b[90m> \u001b[39m   setup_future_usage: null,"}}
[info] >    shipping: null, {"user":"  shipping: null,","metadata":{"emulator":{"name":"functions"},"function":{"name":"us-central1-api"},"message":"\u001b[90m> \u001b[39m   shipping: null,"}}
[info] >    source: null, {"user":"  source: null,","metadata":{"emulator":{"name":"functions"},"function":{"name":"us-central1-api"},"message":"\u001b[90m> \u001b[39m   source: null,"}}
[info] >    statement_descriptor: null, {"user":"  statement_descriptor: null,","metadata":{"emulator":{"name":"functions"},"function":{"name":"us-central1-api"},"message":"\u001b[90m> \u001b[39m   statement_descriptor: null,"}}
[info] >    statement_descriptor_suffix: null, {"user":"  statement_descriptor_suffix: null,","metadata":{"emulator":{"name":"functions"},"function":{"name":"us-central1-api"},"message":"\u001b[90m> \u001b[39m   statement_descriptor_suffix: null,"}}
[info] >    status: 'requires_payment_method', {"user":"  status: 'requires_payment_method',","metadata":{"emulator":{"name":"functions"},"function":{"name":"us-central1-api"},"message":"\u001b[90m> \u001b[39m   status: 'requires_payment_method',"}}
[info] >    transfer_data: null, {"user":"  transfer_data: null,","metadata":{"emulator":{"name":"functions"},"function":{"name":"us-central1-api"},"message":"\u001b[90m> \u001b[39m   transfer_data: null,"}}
[info] >    transfer_group: null {"user":"  transfer_group: null","metadata":{"emulator":{"name":"functions"},"function":{"name":"us-central1-api"},"message":"\u001b[90m> \u001b[39m   transfer_group: null"}}
[info] >  } {"user":"}","metadata":{"emulator":{"name":"functions"},"function":{"name":"us-central1-api"},"message":"\u001b[90m> \u001b[39m }"}}
[info] >  (node:12676) UnhandledPromiseRejectionWarning: Error [ERR_HTTP_HEADERS_SENT]: Cannot set headers after they are sent to the client {"user":"(node:12676) UnhandledPromiseRejectionWarning: Error [ERR_HTTP_HEADERS_SENT]: Cannot set headers after they are sent to the client","metadata":{"emulator":{"name":"functions"},"function":{"name":"us-central1-api"},"message":"\u001b[90m> \u001b[39m (node:12676) UnhandledPromiseRejectionWarning: Error [ERR_HTTP_HEADERS_SENT]: Cannot set headers after they are sent to the client"}}
[info] >      at ServerResponse.setHeader (_http_outgoing.js:558:11) {"user":"    at ServerResponse.setHeader (_http_outgoing.js:558:11)","metadata":{"emulator":{"name":"functions"},"function":{"name":"us-central1-api"},"message":"\u001b[90m> \u001b[39m     at ServerResponse.setHeader (_http_outgoing.js:558:11)"}}
[info] >      at ServerResponse.header (P:\MYFLY\myflytest.com\chisfis\functions\node_modules\express\lib\response.js:771:10) {"user":"    at ServerResponse.header (P:\\MYFLY\\myflytest.com\\chisfis\\functions\\node_modules\\express\\lib\\response.js:771:10)","metadata":{"emulator":{"name":"functions"},"function":{"name":"us-central1-api"},"message":"\u001b[90m> \u001b[39m     at ServerResponse.header (P:\\MYFLY\\myflytest.com\\chisfis\\functions\\node_modules\\express\\lib\\response.js:771:10)"}}
[info] >      at ServerResponse.send (P:\MYFLY\myflytest.com\chisfis\functions\node_modules\express\lib\response.js:170:12) {"user":"    at ServerResponse.send (P:\\MYFLY\\myflytest.com\\chisfis\\functions\\node_modules\\express\\lib\\response.js:170:12)","metadata":{"emulator":{"name":"functions"},"function":{"name":"us-central1-api"},"message":"\u001b[90m> \u001b[39m     at ServerResponse.send (P:\\MYFLY\\myflytest.com\\chisfis\\functions\\node_modules\\express\\lib\\response.js:170:12)"}}
[info] >      at ServerResponse.json (P:\MYFLY\myflytest.com\chisfis\functions\node_modules\express\lib\response.js:267:15) {"user":"    at ServerResponse.json (P:\\MYFLY\\myflytest.com\\chisfis\\functions\\node_modules\\express\\lib\\response.js:267:15)","metadata":{"emulator":{"name":"functions"},"function":{"name":"us-central1-api"},"message":"\u001b[90m> \u001b[39m     at ServerResponse.json (P:\\MYFLY\\myflytest.com\\chisfis\\functions\\node_modules\\express\\lib\\response.js:267:15)"}}
[info] >      at ServerResponse.send (P:\MYFLY\myflytest.com\chisfis\functions\node_modules\express\lib\response.js:158:21) {"user":"    at ServerResponse.send (P:\\MYFLY\\myflytest.com\\chisfis\\functions\\node_modules\\express\\lib\\response.js:158:21)","metadata":{"emulator":{"name":"functions"},"function":{"name":"us-central1-api"},"message":"\u001b[90m> \u001b[39m     at ServerResponse.send (P:\\MYFLY\\myflytest.com\\chisfis\\functions\\node_modules\\express\\lib\\response.js:158:21)"}}
[info] >      at P:\MYFLY\myflytest.com\chisfis\functions\index.js:39:24 {"user":"    at P:\\MYFLY\\myflytest.com\\chisfis\\functions\\index.js:39:24","metadata":{"emulator":{"name":"functions"},"function":{"name":"us-central1-api"},"message":"\u001b[90m> \u001b[39m     at P:\\MYFLY\\myflytest.com\\chisfis\\functions\\index.js:39:24"}}
[info] >      at processTicksAndRejections (internal/process/task_queues.js:93:5) {"user":"    at processTicksAndRejections (internal/process/task_queues.js:93:5)","metadata":{"emulator":{"name":"functions"},"function":{"name":"us-central1-api"},"message":"\u001b[90m> \u001b[39m     at processTicksAndRejections (internal/process/task_queues.js:93:5)"}}
[info] >  (Use `node --trace-warnings ...` to show where the warning was created) {"user":"(Use `node --trace-warnings ...` to show where the warning was created)","metadata":{"emulator":{"name":"functions"},"function":{"name":"us-central1-api"},"message":"\u001b[90m> \u001b[39m (Use `node --trace-warnings ...` to show where the warning was created)"}}
[info] >  (node:12676) UnhandledPromiseRejectionWarning: Unhandled promise rejection. This error originated either by throwing inside of an async function without a catch block, or by rejecting a promise which was not handled with .catch(). To terminate the node process on unhandled promise rejection, use the CLI flag `--unhandled-rejections=strict` (see https://nodejs.org/api/cli.html#cli_unhandled_rejections_mode). (rejection id: 1) {"user":"(node:12676) UnhandledPromiseRejectionWarning: Unhandled promise rejection. This error originated either by throwing inside of an async function without a catch block, or by rejecting a promise which was not handled with .catch(). To terminate the node process on unhandled promise rejection, use the CLI flag `--unhandled-rejections=strict` (see https://nodejs.org/api/cli.html#cli_unhandled_rejections_mode). (rejection id: 1)","metadata":{"emulator":{"name":"functions"},"function":{"name":"us-central1-api"},"message":"\u001b[90m> \u001b[39m (node:12676) UnhandledPromiseRejectionWarning: Unhandled promise rejection. This error originated either by throwing inside of an async function without a catch block, or by rejecting a promise which was not handled with .catch(). To terminate the node process on unhandled promise rejection, use the CLI flag `--unhandled-rejections=strict` (see https://nodejs.org/api/cli.html#cli_unhandled_rejections_mode). (rejection id: 1)"}}
[info] >  (node:12676) [DEP0018] DeprecationWarning: Unhandled promise rejections are deprecated. In the future, promise rejections that are not handled will terminate the Node.js process with a non-zero exit code. {"user":"(node:12676) [DEP0018] DeprecationWarning: Unhandled promise rejections are deprecated. In the future, promise rejections that are not handled will terminate the Node.js process with a non-zero exit code.","metadata":{"emulator":{"name":"functions"},"function":{"name":"us-central1-api"},"message":"\u001b[90m> \u001b[39m (node:12676) [DEP0018] DeprecationWarning: Unhandled promise rejections are deprecated. In the future, promise rejections that are not handled will terminate the Node.js process with a non-zero exit code."}}
[info] i  functions: Finished "us-central1-api" in ~1s {"metadata":{"emulator":{"name":"functions"},"function":{"name":"us-central1-api"},"message":"Finished \"us-central1-api\" in ~1s"}}
[debug] [2021-11-20T13:19:24.755Z] [worker-us-central1-api-832b562b-979e-4ddc-a488-e29c8315ae8b]: IDLE {"metadata":{"emulator":{"name":"functions"},"message":"[worker-us-central1-api-832b562b-979e-4ddc-a488-e29c8315ae8b]: IDLE"}}
[debug] [2021-11-20T13:19:24.755Z] [work-queue] {"queueLength":0,"workRunningCount":0}
[debug] [2021-11-20T19:13:42.507Z] Received signal SIGHUP 1
